[2020-09-04 13:34:28.367] [renderer2] [error] TreeError [CallStackView] Data tree node not found: [object Object]: Error: TreeError [CallStackView] Data tree node not found: [object Object]
    at z.getDataNode (file:///opt/visual-studio-code/resources/app/out/vs/workbench/workbench.desktop.main.js:1134:302)
    at z.rerender (file:///opt/visual-studio-code/resources/app/out/vs/workbench/workbench.desktop.main.js:1131:979)
    at file:///opt/visual-studio-code/resources/app/out/vs/workbench/workbench.desktop.main.js:6674:222
    at c.fire (file:///opt/visual-studio-code/resources/app/out/vs/workbench/workbench.desktop.main.js:95:801)
    at N.setName (file:///opt/visual-studio-code/resources/app/out/vs/workbench/workbench.desktop.main.js:6764:35)
    at u.$setDebugSessionName (file:///opt/visual-studio-code/resources/app/out/vs/workbench/workbench.desktop.main.js:4258:791)
    at p._doInvokeHandler (file:///opt/visual-studio-code/resources/app/out/vs/workbench/workbench.desktop.main.js:4346:599)
    at p._invokeHandler (file:///opt/visual-studio-code/resources/app/out/vs/workbench/workbench.desktop.main.js:4346:291)
    at p._receiveRequest (file:///opt/visual-studio-code/resources/app/out/vs/workbench/workbench.desktop.main.js:4344:953)
    at p._receiveOneMessage (file:///opt/visual-studio-code/resources/app/out/vs/workbench/workbench.desktop.main.js:4343:754)
    at file:///opt/visual-studio-code/resources/app/out/vs/workbench/workbench.desktop.main.js:4341:914
    at c.fire (file:///opt/visual-studio-code/resources/app/out/vs/workbench/workbench.desktop.main.js:95:801)
    at fire (file:///opt/visual-studio-code/resources/app/out/vs/workbench/workbench.desktop.main.js:434:97)
    at t.PersistentProtocol._receiveMessage (file:///opt/visual-studio-code/resources/app/out/vs/workbench/workbench.desktop.main.js:438:545)
    at file:///opt/visual-studio-code/resources/app/out/vs/workbench/workbench.desktop.main.js:435:635
    at c.fire (file:///opt/visual-studio-code/resources/app/out/vs/workbench/workbench.desktop.main.js:95:801)
    at g.acceptChunk (file:///opt/visual-studio-code/resources/app/out/vs/workbench/workbench.desktop.main.js:431:445)
    at file:///opt/visual-studio-code/resources/app/out/vs/workbench/workbench.desktop.main.js:430:796
    at Socket.t (file:///opt/visual-studio-code/resources/app/out/vs/workbench/workbench.desktop.main.js:440:185)
    at Socket.emit (events.js:203:13)
    at addChunk (_stream_readable.js:295:12)
    at readableAddChunk (_stream_readable.js:276:11)
    at Socket.Readable.push (_stream_readable.js:210:10)
    at Pipe.onStreamRead (internal/stream_base_commons.js:166:17)
[2020-09-04 14:04:40.158] [renderer2] [error] Error: file:///home/mulukou/Projects/learning_webdev/learningweb/src/App.js has changed in the meantime
    at v._validateBeforePrepare (file:///opt/visual-studio-code/resources/app/out/vs/workbench/workbench.desktop.main.js:3551:623)
    at v.apply (file:///opt/visual-studio-code/resources/app/out/vs/workbench/workbench.desktop.main.js:3552:432)
    at f._performTextEdits (file:///opt/visual-studio-code/resources/app/out/vs/workbench/workbench.desktop.main.js:6271:118)
    at f.perform (file:///opt/visual-studio-code/resources/app/out/vs/workbench/workbench.desktop.main.js:6270:632)
    at S.apply (file:///opt/visual-studio-code/resources/app/out/vs/workbench/workbench.desktop.main.js:6272:11)
    at e.$tryApplyWorkspaceEdit (file:///opt/visual-studio-code/resources/app/out/vs/workbench/workbench.desktop.main.js:5952:335)
    at p._doInvokeHandler (file:///opt/visual-studio-code/resources/app/out/vs/workbench/workbench.desktop.main.js:4346:599)
    at p._invokeHandler (file:///opt/visual-studio-code/resources/app/out/vs/workbench/workbench.desktop.main.js:4346:291)
    at p._receiveRequest (file:///opt/visual-studio-code/resources/app/out/vs/workbench/workbench.desktop.main.js:4344:953)
    at p._receiveOneMessage (file:///opt/visual-studio-code/resources/app/out/vs/workbench/workbench.desktop.main.js:4343:754)
    at file:///opt/visual-studio-code/resources/app/out/vs/workbench/workbench.desktop.main.js:4341:914
    at c.fire (file:///opt/visual-studio-code/resources/app/out/vs/workbench/workbench.desktop.main.js:95:801)
    at fire (file:///opt/visual-studio-code/resources/app/out/vs/workbench/workbench.desktop.main.js:434:97)
    at t.PersistentProtocol._receiveMessage (file:///opt/visual-studio-code/resources/app/out/vs/workbench/workbench.desktop.main.js:438:545)
    at file:///opt/visual-studio-code/resources/app/out/vs/workbench/workbench.desktop.main.js:435:635
    at c.fire (file:///opt/visual-studio-code/resources/app/out/vs/workbench/workbench.desktop.main.js:95:801)
    at g.acceptChunk (file:///opt/visual-studio-code/resources/app/out/vs/workbench/workbench.desktop.main.js:431:445)
    at file:///opt/visual-studio-code/resources/app/out/vs/workbench/workbench.desktop.main.js:430:796
    at Socket.t (file:///opt/visual-studio-code/resources/app/out/vs/workbench/workbench.desktop.main.js:440:185)
    at Socket.emit (events.js:203:13)
    at addChunk (_stream_readable.js:295:12)
    at readableAddChunk (_stream_readable.js:276:11)
    at Socket.Readable.push (_stream_readable.js:210:10)
    at Pipe.onStreamRead (internal/stream_base_commons.js:166:17)
[2020-09-04 14:11:11.253] [renderer2] [error] <semantic> TypeScript Server Error (3.9.7)
Debug Failure. False expression: `JsxText` tokens should not be the first child of `JsxElement | JsxSelfClosingElement`
Error: Debug Failure. False expression: `JsxText` tokens should not be the first child of `JsxElement | JsxSelfClosingElement`
    at findRightmostChildNodeWithTokens (/opt/visual-studio-code/resources/app/extensions/node_modules/typescript/lib/tsserver.js:108878:26)
    at find (/opt/visual-studio-code/resources/app/extensions/node_modules/typescript/lib/tsserver.js:108855:29)
    at findPrecedingToken (/opt/visual-studio-code/resources/app/extensions/node_modules/typescript/lib/tsserver.js:108819:22)
    at getTokenAtPositionWorker (/opt/visual-studio-code/resources/app/extensions/node_modules/typescript/lib/tsserver.js:108769:41)
    at getTouchingToken (/opt/visual-studio-code/resources/app/extensions/node_modules/typescript/lib/tsserver.js:108743:16)
    at Object.getTouchingPropertyName (/opt/visual-studio-code/resources/app/extensions/node_modules/typescript/lib/tsserver.js:108735:16)
    at Proxy.getQuickInfoAtPosition (/opt/visual-studio-code/resources/app/extensions/node_modules/typescript/lib/tsserver.js:138915:27)
    at IOSession.Session.getQuickInfoWorker (/opt/visual-studio-code/resources/app/extensions/node_modules/typescript/lib/tsserver.js:148875:62)
    at Session.handlers.ts.createMapFromTemplate._a.<computed> (/opt/visual-studio-code/resources/app/extensions/node_modules/typescript/lib/tsserver.js:147867:61)
    at /opt/visual-studio-code/resources/app/extensions/node_modules/typescript/lib/tsserver.js:149555:88
    at IOSession.Session.executeWithRequestId (/opt/visual-studio-code/resources/app/extensions/node_modules/typescript/lib/tsserver.js:149546:28)
    at IOSession.Session.executeCommand (/opt/visual-studio-code/resources/app/extensions/node_modules/typescript/lib/tsserver.js:149555:33)
    at IOSession.Session.onMessage (/opt/visual-studio-code/resources/app/extensions/node_modules/typescript/lib/tsserver.js:149579:35)
    at Interface.<anonymous> (/opt/visual-studio-code/resources/app/extensions/node_modules/typescript/lib/tsserver.js:150895:27)
    at Interface.emit (events.js:203:13)
    at Interface._onLine (readline.js:316:10)
    at Interface._normalWrite (readline.js:461:12)
    at Socket.ondata (readline.js:172:10)
    at Socket.emit (events.js:203:13)
    at addChunk (_stream_readable.js:295:12)
    at readableAddChunk (_stream_readable.js:276:11)
    at Socket.Readable.push (_stream_readable.js:210:10)
    at Pipe.onStreamRead (internal/stream_base_commons.js:166:17): Error: <semantic> TypeScript Server Error (3.9.7)
Debug Failure. False expression: `JsxText` tokens should not be the first child of `JsxElement | JsxSelfClosingElement`
Error: Debug Failure. False expression: `JsxText` tokens should not be the first child of `JsxElement | JsxSelfClosingElement`
    at findRightmostChildNodeWithTokens (/opt/visual-studio-code/resources/app/extensions/node_modules/typescript/lib/tsserver.js:108878:26)
    at find (/opt/visual-studio-code/resources/app/extensions/node_modules/typescript/lib/tsserver.js:108855:29)
    at findPrecedingToken (/opt/visual-studio-code/resources/app/extensions/node_modules/typescript/lib/tsserver.js:108819:22)
    at getTokenAtPositionWorker (/opt/visual-studio-code/resources/app/extensions/node_modules/typescript/lib/tsserver.js:108769:41)
    at getTouchingToken (/opt/visual-studio-code/resources/app/extensions/node_modules/typescript/lib/tsserver.js:108743:16)
    at Object.getTouchingPropertyName (/opt/visual-studio-code/resources/app/extensions/node_modules/typescript/lib/tsserver.js:108735:16)
    at Proxy.getQuickInfoAtPosition (/opt/visual-studio-code/resources/app/extensions/node_modules/typescript/lib/tsserver.js:138915:27)
    at IOSession.Session.getQuickInfoWorker (/opt/visual-studio-code/resources/app/extensions/node_modules/typescript/lib/tsserver.js:148875:62)
    at Session.handlers.ts.createMapFromTemplate._a.<computed> (/opt/visual-studio-code/resources/app/extensions/node_modules/typescript/lib/tsserver.js:147867:61)
    at /opt/visual-studio-code/resources/app/extensions/node_modules/typescript/lib/tsserver.js:149555:88
    at IOSession.Session.executeWithRequestId (/opt/visual-studio-code/resources/app/extensions/node_modules/typescript/lib/tsserver.js:149546:28)
    at IOSession.Session.executeCommand (/opt/visual-studio-code/resources/app/extensions/node_modules/typescript/lib/tsserver.js:149555:33)
    at IOSession.Session.onMessage (/opt/visual-studio-code/resources/app/extensions/node_modules/typescript/lib/tsserver.js:149579:35)
    at Interface.<anonymous> (/opt/visual-studio-code/resources/app/extensions/node_modules/typescript/lib/tsserver.js:150895:27)
    at Interface.emit (events.js:203:13)
    at Interface._onLine (readline.js:316:10)
    at Interface._normalWrite (readline.js:461:12)
    at Socket.ondata (readline.js:172:10)
    at Socket.emit (events.js:203:13)
    at addChunk (_stream_readable.js:295:12)
    at readableAddChunk (_stream_readable.js:276:11)
    at Socket.Readable.push (_stream_readable.js:210:10)
    at Pipe.onStreamRead (internal/stream_base_commons.js:166:17)
	at Function.create (/opt/visual-studio-code/resources/app/extensions/typescript-language-features/dist/extension.js:1:75328)
	at h.dispatchResponse (/opt/visual-studio-code/resources/app/extensions/typescript-language-features/dist/extension.js:1:69203)
	at h.dispatchMessage (/opt/visual-studio-code/resources/app/extensions/typescript-language-features/dist/extension.js:1:68123)
	at /opt/visual-studio-code/resources/app/extensions/typescript-language-features/dist/extension.js:1:67652
	at l.fire (/opt/visual-studio-code/resources/app/out/vs/workbench/services/extensions/node/extensionHostProcess.js:46:222)
	at g.onLengthData (/opt/visual-studio-code/resources/app/extensions/typescript-language-features/dist/extension.js:45:60018)
	at Socket.<anonymous> (/opt/visual-studio-code/resources/app/extensions/typescript-language-features/dist/extension.js:45:59666)
	at Socket.emit (events.js:203:13)
	at addChunk (_stream_readable.js:295:12)
	at readableAddChunk (_stream_readable.js:276:11)
	at Socket.Readable.push (_stream_readable.js:210:10)
	at Pipe.onStreamRead (internal/stream_base_commons.js:166:17)
