[2020-09-02 13:30:55.957] [exthost] [info] extension host started
[2020-09-02 13:30:56.151] [exthost] [info] ExtensionService#_doActivateExtension vscode.microsoft-authentication {"startup":false,"extensionId":{"value":"vscode.microsoft-authentication","_lower":"vscode.microsoft-authentication"},"activationEvent":"onAuthenticationRequest:microsoft"}
[2020-09-02 13:30:56.151] [exthost] [info] ExtensionService#loadCommonJSModule file:///opt/visual-studio-code/resources/app/extensions/microsoft-authentication/dist/extension.js
[2020-09-02 13:30:56.165] [exthost] [info] ExtensionService#_doActivateExtension vscode.github-authentication {"startup":false,"extensionId":{"value":"vscode.github-authentication","_lower":"vscode.github-authentication"},"activationEvent":"onAuthenticationRequest:github"}
[2020-09-02 13:30:56.165] [exthost] [info] ExtensionService#loadCommonJSModule file:///opt/visual-studio-code/resources/app/extensions/github-authentication/dist/extension.js
[2020-09-02 13:30:56.180] [exthost] [info] ExtensionService#_doActivateExtension vscode.extension-editing {"startup":false,"extensionId":{"value":"vscode.extension-editing","_lower":"vscode.extension-editing"},"activationEvent":"onLanguage:typescript"}
[2020-09-02 13:30:56.181] [exthost] [info] ExtensionService#loadCommonJSModule file:///opt/visual-studio-code/resources/app/extensions/extension-editing/dist/extensionEditingMain
[2020-09-02 13:30:56.191] [exthost] [info] ExtensionService#_doActivateExtension vscode.typescript-language-features {"startup":false,"extensionId":{"value":"vscode.typescript-language-features","_lower":"vscode.typescript-language-features"},"activationEvent":"onLanguage:typescript"}
[2020-09-02 13:30:56.191] [exthost] [info] ExtensionService#loadCommonJSModule file:///opt/visual-studio-code/resources/app/extensions/typescript-language-features/dist/extension
[2020-09-02 13:30:56.216] [exthost] [info] ExtensionService#_doActivateExtension vscode.debug-auto-launch {"startup":true,"extensionId":{"value":"vscode.debug-auto-launch","_lower":"vscode.debug-auto-launch"},"activationEvent":"*"}
[2020-09-02 13:30:56.217] [exthost] [info] ExtensionService#loadCommonJSModule file:///opt/visual-studio-code/resources/app/extensions/debug-auto-launch/dist/extension
[2020-09-02 13:30:56.223] [exthost] [info] ExtensionService#_doActivateExtension vscode.emmet {"startup":true,"extensionId":{"value":"vscode.emmet","_lower":"vscode.emmet"},"activationEvent":"*"}
[2020-09-02 13:30:56.223] [exthost] [info] ExtensionService#loadCommonJSModule file:///opt/visual-studio-code/resources/app/extensions/emmet/dist/node/emmetNodeMain
[2020-09-02 13:30:56.239] [exthost] [info] ExtensionService#_doActivateExtension vscode.git {"startup":true,"extensionId":{"value":"vscode.github","_lower":"vscode.github"},"activationEvent":"*"}
[2020-09-02 13:30:56.239] [exthost] [info] ExtensionService#loadCommonJSModule file:///opt/visual-studio-code/resources/app/extensions/git/dist/main
[2020-09-02 13:30:56.306] [exthost] [info] ExtensionService#_doActivateExtension vscode.merge-conflict {"startup":true,"extensionId":{"value":"vscode.merge-conflict","_lower":"vscode.merge-conflict"},"activationEvent":"*"}
[2020-09-02 13:30:56.306] [exthost] [info] ExtensionService#loadCommonJSModule file:///opt/visual-studio-code/resources/app/extensions/merge-conflict/dist/mergeConflictMain
[2020-09-02 13:30:56.310] [exthost] [info] ExtensionService#_doActivateExtension vscode.search-result {"startup":true,"extensionId":{"value":"vscode.search-result","_lower":"vscode.search-result"},"activationEvent":"*"}
[2020-09-02 13:30:56.310] [exthost] [info] ExtensionService#loadCommonJSModule file:///opt/visual-studio-code/resources/app/extensions/search-result/dist/extension.js
[2020-09-02 13:30:56.313] [exthost] [info] ExtensionService#_doActivateExtension CoenraadS.bracket-pair-colorizer {"startup":true,"extensionId":{"value":"CoenraadS.bracket-pair-colorizer","_lower":"coenraads.bracket-pair-colorizer"},"activationEvent":"*"}
[2020-09-02 13:30:56.313] [exthost] [info] ExtensionService#loadCommonJSModule file:///home/mulukou/.vscode/extensions/coenraads.bracket-pair-colorizer-1.0.61/out/src/extension
[2020-09-02 13:30:56.334] [exthost] [info] ExtensionService#_doActivateExtension dbaeumer.vscode-eslint {"startup":true,"extensionId":{"value":"dbaeumer.vscode-eslint","_lower":"dbaeumer.vscode-eslint"},"activationEvent":"*"}
[2020-09-02 13:30:56.334] [exthost] [info] ExtensionService#loadCommonJSModule file:///home/mulukou/.vscode/extensions/dbaeumer.vscode-eslint-2.1.8/client/out/extension
[2020-09-02 13:30:56.340] [exthost] [info] ExtensionService#_doActivateExtension icrawl.discord-vscode {"startup":true,"extensionId":{"value":"icrawl.discord-vscode","_lower":"icrawl.discord-vscode"},"activationEvent":"*"}
[2020-09-02 13:30:56.340] [exthost] [info] ExtensionService#loadCommonJSModule file:///home/mulukou/.vscode/extensions/icrawl.discord-vscode-4.0.0/dist/extension
[2020-09-02 13:30:56.372] [exthost] [info] ExtensionService#_doActivateExtension ms-vsliveshare.vsliveshare {"startup":true,"extensionId":{"value":"ms-vsliveshare.vsliveshare","_lower":"ms-vsliveshare.vsliveshare"},"activationEvent":"*"}
[2020-09-02 13:30:56.372] [exthost] [info] ExtensionService#loadCommonJSModule file:///home/mulukou/.vscode/extensions/ms-vsliveshare.vsliveshare-1.0.2731/out/prod/extension-prod
[2020-09-02 13:30:56.474] [exthost] [info] ExtensionService#_doActivateExtension PKief.material-icon-theme {"startup":true,"extensionId":{"value":"PKief.material-icon-theme","_lower":"pkief.material-icon-theme"},"activationEvent":"*"}
[2020-09-02 13:30:56.474] [exthost] [info] ExtensionService#loadCommonJSModule file:///home/mulukou/.vscode/extensions/pkief.material-icon-theme-4.2.0/dist/extension
[2020-09-02 13:30:56.501] [exthost] [info] ExtensionService#_doActivateExtension vscode.npm {"startup":true,"extensionId":{"value":"vscode.npm","_lower":"vscode.npm"},"activationEvent":"workspaceContains:package.json"}
[2020-09-02 13:30:56.501] [exthost] [info] ExtensionService#loadCommonJSModule file:///opt/visual-studio-code/resources/app/extensions/npm/dist/npmMain
[2020-09-02 13:30:57.492] [exthost] [info] ExtensionService#_doActivateExtension mechatroner.rainbow-csv {"startup":false,"extensionId":{"value":"mechatroner.rainbow-csv","_lower":"mechatroner.rainbow-csv"},"activationEvent":"onLanguage:plaintext"}
[2020-09-02 13:30:57.492] [exthost] [info] ExtensionService#loadCommonJSModule file:///home/mulukou/.vscode/extensions/mechatroner.rainbow-csv-1.7.1/extension
[2020-09-02 13:30:59.806] [exthost] [info] ExtensionService#_doActivateExtension vscode.github {"startup":true,"extensionId":{"value":"vscode.github","_lower":"vscode.github"},"activationEvent":"*"}
[2020-09-02 13:30:59.806] [exthost] [info] ExtensionService#loadCommonJSModule file:///opt/visual-studio-code/resources/app/extensions/github/dist/extension.js
[2020-09-02 13:30:59.849] [exthost] [info] eager extensions activated
[2020-09-02 13:31:01.023] [exthost] [info] ExtensionService#_doActivateExtension vscode.configuration-editing {"startup":false,"extensionId":{"value":"vscode.configuration-editing","_lower":"vscode.configuration-editing"},"activationEvent":"onLanguage:jsonc"}
[2020-09-02 13:31:01.023] [exthost] [info] ExtensionService#loadCommonJSModule file:///opt/visual-studio-code/resources/app/extensions/configuration-editing/dist/configurationEditingMain
[2020-09-02 13:31:01.026] [exthost] [info] ExtensionService#_doActivateExtension vscode.json-language-features {"startup":false,"extensionId":{"value":"vscode.json-language-features","_lower":"vscode.json-language-features"},"activationEvent":"onLanguage:jsonc"}
[2020-09-02 13:31:01.027] [exthost] [info] ExtensionService#loadCommonJSModule file:///opt/visual-studio-code/resources/app/extensions/json-language-features/client/dist/node/jsonClientMain
[2020-09-02 13:32:16.920] [exthost] [info] ExtensionService#_doActivateExtension vscode.python {"startup":false,"extensionId":{"value":"vscode.python","_lower":"vscode.python"},"activationEvent":"onLanguage:python"}
[2020-09-02 13:32:16.920] [exthost] [info] ExtensionService#loadCommonJSModule file:///opt/visual-studio-code/resources/app/extensions/python/dist/pythonMain
[2020-09-02 13:32:16.923] [exthost] [info] ExtensionService#_doActivateExtension ms-python.python {"startup":false,"extensionId":{"value":"ms-python.python","_lower":"ms-python.python"},"activationEvent":"onLanguage:python"}
[2020-09-02 13:32:16.923] [exthost] [info] ExtensionService#loadCommonJSModule file:///home/mulukou/.vscode/extensions/ms-python.python-2020.8.105369/out/client/extension
[2020-09-02 17:32:06.281] [exthost] [error] [vscode.typescript-language-features] provider FAILED
[2020-09-02 17:32:06.282] [exthost] [error] Error: <semantic> TypeScript Server Error (3.9.7)
Debug Failure. Invalid cast. The supplied value [object Object] did not pass the test 'isParameter'.
Error: Debug Failure. Invalid cast. The supplied value [object Object] did not pass the test 'isParameter'.
    at Object.cast (/opt/visual-studio-code/resources/app/extensions/node_modules/typescript/lib/tsserver.js:1387:25)
    at doChange (/opt/visual-studio-code/resources/app/extensions/node_modules/typescript/lib/tsserver.js:132246:40)
    at /opt/visual-studio-code/resources/app/extensions/node_modules/typescript/lib/tsserver.js:132142:109
    at Function.ChangeTracker.with (/opt/visual-studio-code/resources/app/extensions/node_modules/typescript/lib/tsserver.js:126223:17)
    at Object.getCodeActions (/opt/visual-studio-code/resources/app/extensions/node_modules/typescript/lib/tsserver.js:132142:64)
    at /opt/visual-studio-code/resources/app/extensions/node_modules/typescript/lib/tsserver.js:127394:77
    at Object.flatMap (/opt/visual-studio-code/resources/app/extensions/node_modules/typescript/lib/tsserver.js:465:25)
    at Object.getFixes (/opt/visual-studio-code/resources/app/extensions/node_modules/typescript/lib/tsserver.js:127394:23)
    at /opt/visual-studio-code/resources/app/extensions/node_modules/typescript/lib/tsserver.js:139206:35
    at Object.flatMap (/opt/visual-studio-code/resources/app/extensions/node_modules/typescript/lib/tsserver.js:465:25)
    at Proxy.getCodeFixesAtPosition (/opt/visual-studio-code/resources/app/extensions/node_modules/typescript/lib/tsserver.js:139204:23)
    at IOSession.Session.getCodeFixes (/opt/visual-studio-code/resources/app/extensions/node_modules/typescript/lib/tsserver.js:149305:64)
    at Session.handlers.ts.createMapFromTemplate._a.<computed> (/opt/visual-studio-code/resources/app/extensions/node_modules/typescript/lib/tsserver.js:148042:61)
    at /opt/visual-studio-code/resources/app/extensions/node_modules/typescript/lib/tsserver.js:149555:88
    at IOSession.Session.executeWithRequestId (/opt/visual-studio-code/resources/app/extensions/node_modules/typescript/lib/tsserver.js:149546:28)
    at IOSession.Session.executeCommand (/opt/visual-studio-code/resources/app/extensions/node_modules/typescript/lib/tsserver.js:149555:33)
    at IOSession.Session.onMessage (/opt/visual-studio-code/resources/app/extensions/node_modules/typescript/lib/tsserver.js:149579:35)
    at Interface.<anonymous> (/opt/visual-studio-code/resources/app/extensions/node_modules/typescript/lib/tsserver.js:150895:27)
    at Interface.emit (events.js:203:13)
    at Interface._onLine (readline.js:316:10)
    at Interface._normalWrite (readline.js:461:12)
    at Socket.ondata (readline.js:172:10)
    at Socket.emit (events.js:203:13)
    at addChunk (_stream_readable.js:295:12)
    at readableAddChunk (_stream_readable.js:276:11)
    at Socket.Readable.push (_stream_readable.js:210:10)
    at Pipe.onStreamRead (internal/stream_base_commons.js:166:17)
	at Function.create (/opt/visual-studio-code/resources/app/extensions/typescript-language-features/dist/extension.js:1:75328)
	at h.dispatchResponse (/opt/visual-studio-code/resources/app/extensions/typescript-language-features/dist/extension.js:1:69203)
	at h.dispatchMessage (/opt/visual-studio-code/resources/app/extensions/typescript-language-features/dist/extension.js:1:68123)
	at /opt/visual-studio-code/resources/app/extensions/typescript-language-features/dist/extension.js:1:67652
	at l.fire (/opt/visual-studio-code/resources/app/out/vs/workbench/services/extensions/node/extensionHostProcess.js:46:222)
	at g.onLengthData (/opt/visual-studio-code/resources/app/extensions/typescript-language-features/dist/extension.js:45:60018)
	at Socket.<anonymous> (/opt/visual-studio-code/resources/app/extensions/typescript-language-features/dist/extension.js:45:59666)
	at Socket.emit (events.js:203:13)
	at addChunk (_stream_readable.js:295:12)
	at readableAddChunk (_stream_readable.js:276:11)
	at Socket.Readable.push (_stream_readable.js:210:10)
	at Pipe.onStreamRead (internal/stream_base_commons.js:166:17)
