[2020-09-10 15:23:27.434] [exthost] [info] extension host started
[2020-09-10 15:23:27.497] [exthost] [info] ExtensionService#_doActivateExtension vscode.microsoft-authentication {"startup":false,"extensionId":{"value":"vscode.microsoft-authentication","_lower":"vscode.microsoft-authentication"},"activationEvent":"onAuthenticationRequest:microsoft"}
[2020-09-10 15:23:27.497] [exthost] [info] ExtensionService#loadCommonJSModule file:///opt/visual-studio-code/resources/app/extensions/microsoft-authentication/dist/extension.js
[2020-09-10 15:23:27.510] [exthost] [info] ExtensionService#_doActivateExtension vscode.github-authentication {"startup":false,"extensionId":{"value":"vscode.github-authentication","_lower":"vscode.github-authentication"},"activationEvent":"onAuthenticationRequest:github"}
[2020-09-10 15:23:27.510] [exthost] [info] ExtensionService#loadCommonJSModule file:///opt/visual-studio-code/resources/app/extensions/github-authentication/dist/extension.js
[2020-09-10 15:23:27.516] [exthost] [info] ExtensionService#_doActivateExtension mechatroner.rainbow-csv {"startup":false,"extensionId":{"value":"mechatroner.rainbow-csv","_lower":"mechatroner.rainbow-csv"},"activationEvent":"onLanguage:plaintext"}
[2020-09-10 15:23:27.516] [exthost] [info] ExtensionService#loadCommonJSModule file:///home/mulukou/.vscode/extensions/mechatroner.rainbow-csv-1.7.1/extension
[2020-09-10 15:23:27.521] [exthost] [info] ExtensionService#_doActivateExtension vscode.extension-editing {"startup":false,"extensionId":{"value":"vscode.extension-editing","_lower":"vscode.extension-editing"},"activationEvent":"onLanguage:typescript"}
[2020-09-10 15:23:27.521] [exthost] [info] ExtensionService#loadCommonJSModule file:///opt/visual-studio-code/resources/app/extensions/extension-editing/dist/extensionEditingMain
[2020-09-10 15:23:27.526] [exthost] [info] ExtensionService#_doActivateExtension vscode.typescript-language-features {"startup":false,"extensionId":{"value":"vscode.typescript-language-features","_lower":"vscode.typescript-language-features"},"activationEvent":"onLanguage:typescript"}
[2020-09-10 15:23:27.526] [exthost] [info] ExtensionService#loadCommonJSModule file:///opt/visual-studio-code/resources/app/extensions/typescript-language-features/dist/extension
[2020-09-10 15:23:27.539] [exthost] [info] ExtensionService#_doActivateExtension vscode.debug-auto-launch {"startup":true,"extensionId":{"value":"vscode.debug-auto-launch","_lower":"vscode.debug-auto-launch"},"activationEvent":"*"}
[2020-09-10 15:23:27.539] [exthost] [info] ExtensionService#loadCommonJSModule file:///opt/visual-studio-code/resources/app/extensions/debug-auto-launch/dist/extension
[2020-09-10 15:23:27.541] [exthost] [info] ExtensionService#_doActivateExtension vscode.emmet {"startup":true,"extensionId":{"value":"vscode.emmet","_lower":"vscode.emmet"},"activationEvent":"*"}
[2020-09-10 15:23:27.542] [exthost] [info] ExtensionService#loadCommonJSModule file:///opt/visual-studio-code/resources/app/extensions/emmet/dist/node/emmetNodeMain
[2020-09-10 15:23:27.549] [exthost] [info] ExtensionService#_doActivateExtension vscode.git {"startup":true,"extensionId":{"value":"vscode.github","_lower":"vscode.github"},"activationEvent":"*"}
[2020-09-10 15:23:27.549] [exthost] [info] ExtensionService#loadCommonJSModule file:///opt/visual-studio-code/resources/app/extensions/git/dist/main
[2020-09-10 15:23:27.587] [exthost] [info] ExtensionService#_doActivateExtension vscode.merge-conflict {"startup":true,"extensionId":{"value":"vscode.merge-conflict","_lower":"vscode.merge-conflict"},"activationEvent":"*"}
[2020-09-10 15:23:27.587] [exthost] [info] ExtensionService#loadCommonJSModule file:///opt/visual-studio-code/resources/app/extensions/merge-conflict/dist/mergeConflictMain
[2020-09-10 15:23:27.591] [exthost] [info] ExtensionService#_doActivateExtension vscode.search-result {"startup":true,"extensionId":{"value":"vscode.search-result","_lower":"vscode.search-result"},"activationEvent":"*"}
[2020-09-10 15:23:27.591] [exthost] [info] ExtensionService#loadCommonJSModule file:///opt/visual-studio-code/resources/app/extensions/search-result/dist/extension.js
[2020-09-10 15:23:27.592] [exthost] [info] ExtensionService#_doActivateExtension CoenraadS.bracket-pair-colorizer {"startup":true,"extensionId":{"value":"CoenraadS.bracket-pair-colorizer","_lower":"coenraads.bracket-pair-colorizer"},"activationEvent":"*"}
[2020-09-10 15:23:27.592] [exthost] [info] ExtensionService#loadCommonJSModule file:///home/mulukou/.vscode/extensions/coenraads.bracket-pair-colorizer-1.0.61/out/src/extension
[2020-09-10 15:23:27.610] [exthost] [info] ExtensionService#_doActivateExtension dbaeumer.vscode-eslint {"startup":true,"extensionId":{"value":"dbaeumer.vscode-eslint","_lower":"dbaeumer.vscode-eslint"},"activationEvent":"*"}
[2020-09-10 15:23:27.610] [exthost] [info] ExtensionService#loadCommonJSModule file:///home/mulukou/.vscode/extensions/dbaeumer.vscode-eslint-2.1.8/client/out/extension
[2020-09-10 15:23:27.619] [exthost] [info] ExtensionService#_doActivateExtension icrawl.discord-vscode {"startup":true,"extensionId":{"value":"icrawl.discord-vscode","_lower":"icrawl.discord-vscode"},"activationEvent":"*"}
[2020-09-10 15:23:27.619] [exthost] [info] ExtensionService#loadCommonJSModule file:///home/mulukou/.vscode/extensions/icrawl.discord-vscode-4.0.0/dist/extension
[2020-09-10 15:23:27.640] [exthost] [info] ExtensionService#_doActivateExtension ms-vsliveshare.vsliveshare {"startup":true,"extensionId":{"value":"ms-vsliveshare.vsliveshare","_lower":"ms-vsliveshare.vsliveshare"},"activationEvent":"*"}
[2020-09-10 15:23:27.640] [exthost] [info] ExtensionService#loadCommonJSModule file:///home/mulukou/.vscode/extensions/ms-vsliveshare.vsliveshare-1.0.2740/out/prod/extension-prod
[2020-09-10 15:23:27.728] [exthost] [info] ExtensionService#_doActivateExtension PKief.material-icon-theme {"startup":true,"extensionId":{"value":"PKief.material-icon-theme","_lower":"pkief.material-icon-theme"},"activationEvent":"*"}
[2020-09-10 15:23:27.728] [exthost] [info] ExtensionService#loadCommonJSModule file:///home/mulukou/.vscode/extensions/pkief.material-icon-theme-4.3.0/dist/extension
[2020-09-10 15:23:27.744] [exthost] [info] ExtensionService#_doActivateExtension vscode.npm {"startup":true,"extensionId":{"value":"vscode.npm","_lower":"vscode.npm"},"activationEvent":"workspaceContains:package.json"}
[2020-09-10 15:23:27.744] [exthost] [info] ExtensionService#loadCommonJSModule file:///opt/visual-studio-code/resources/app/extensions/npm/dist/npmMain
[2020-09-10 15:23:31.056] [exthost] [info] ExtensionService#_doActivateExtension vscode.github {"startup":true,"extensionId":{"value":"vscode.github","_lower":"vscode.github"},"activationEvent":"*"}
[2020-09-10 15:23:31.056] [exthost] [info] ExtensionService#loadCommonJSModule file:///opt/visual-studio-code/resources/app/extensions/github/dist/extension.js
[2020-09-10 15:23:31.091] [exthost] [info] eager extensions activated
[2020-09-10 15:23:31.448] [exthost] [info] ExtensionService#_doActivateExtension vscode.configuration-editing {"startup":false,"extensionId":{"value":"vscode.configuration-editing","_lower":"vscode.configuration-editing"},"activationEvent":"onLanguage:jsonc"}
[2020-09-10 15:23:31.448] [exthost] [info] ExtensionService#loadCommonJSModule file:///opt/visual-studio-code/resources/app/extensions/configuration-editing/dist/configurationEditingMain
[2020-09-10 15:23:31.452] [exthost] [info] ExtensionService#_doActivateExtension vscode.json-language-features {"startup":false,"extensionId":{"value":"vscode.json-language-features","_lower":"vscode.json-language-features"},"activationEvent":"onLanguage:jsonc"}
[2020-09-10 15:23:31.452] [exthost] [info] ExtensionService#loadCommonJSModule file:///opt/visual-studio-code/resources/app/extensions/json-language-features/client/dist/node/jsonClientMain
[2020-09-10 15:23:41.506] [exthost] [info] ExtensionService#_doActivateExtension vscode.python {"startup":false,"extensionId":{"value":"vscode.python","_lower":"vscode.python"},"activationEvent":"onLanguage:python"}
[2020-09-10 15:23:41.506] [exthost] [info] ExtensionService#loadCommonJSModule file:///opt/visual-studio-code/resources/app/extensions/python/dist/pythonMain
[2020-09-10 15:23:41.507] [exthost] [info] ExtensionService#_doActivateExtension ms-python.python {"startup":false,"extensionId":{"value":"ms-python.python","_lower":"ms-python.python"},"activationEvent":"onLanguage:python"}
[2020-09-10 15:23:41.507] [exthost] [info] ExtensionService#loadCommonJSModule file:///home/mulukou/.vscode/extensions/ms-python.python-2020.8.106424/out/client/extension
[2020-09-10 15:23:49.482] [exthost] [info] ExtensionService#_doActivateExtension vscode.html-language-features {"startup":false,"extensionId":{"value":"vscode.html-language-features","_lower":"vscode.html-language-features"},"activationEvent":"onLanguage:html"}
[2020-09-10 15:23:49.482] [exthost] [info] ExtensionService#loadCommonJSModule file:///opt/visual-studio-code/resources/app/extensions/html-language-features/client/dist/node/htmlClientMain
[2020-09-10 17:50:03.576] [exthost] [error] [vscode.typescript-language-features] provider FAILED
[2020-09-10 17:50:03.577] [exthost] [error] Error: <semantic> TypeScript Server Error (3.9.7)
Cannot read property 'kind' of undefined
TypeError: Cannot read property 'kind' of undefined
    at getRootDeclaration (/opt/visual-studio-code/resources/app/extensions/node_modules/typescript/lib/tsserver.js:15774:21)
    at Object.isCatchClauseVariableDeclarationOrBindingElement (/opt/visual-studio-code/resources/app/extensions/node_modules/typescript/lib/tsserver.js:13384:20)
    at getTypeOfVariableOrParameterOrPropertyWorker (/opt/visual-studio-code/resources/app/extensions/node_modules/typescript/lib/tsserver.js:41915:20)
    at getTypeOfVariableOrParameterOrProperty (/opt/visual-studio-code/resources/app/extensions/node_modules/typescript/lib/tsserver.js:41888:28)
    at getTypeOfSymbol (/opt/visual-studio-code/resources/app/extensions/node_modules/typescript/lib/tsserver.js:42216:24)
    at getTypeOfSymbolAtLocation (/opt/visual-studio-code/resources/app/extensions/node_modules/typescript/lib/tsserver.js:54193:20)
    at Object.getTypeOfSymbolAtLocation (/opt/visual-studio-code/resources/app/extensions/node_modules/typescript/lib/tsserver.js:34980:35)
    at Object.getSymbolDisplayPartsDocumentationAndSymbolKind (/opt/visual-studio-code/resources/app/extensions/node_modules/typescript/lib/tsserver.js:122597:97)
    at /opt/visual-studio-code/resources/app/extensions/node_modules/typescript/lib/tsserver.js:112528:41
    at Object.runWithCancellationToken (/opt/visual-studio-code/resources/app/extensions/node_modules/typescript/lib/tsserver.js:35254:28)
    at createCompletionDetailsForSymbol (/opt/visual-studio-code/resources/app/extensions/node_modules/typescript/lib/tsserver.js:112527:30)
    at Object.getCompletionEntryDetails (/opt/visual-studio-code/resources/app/extensions/node_modules/typescript/lib/tsserver.js:112509:28)
    at Proxy.getCompletionEntryDetails (/opt/visual-studio-code/resources/app/extensions/node_modules/typescript/lib/tsserver.js:138904:35)
    at /opt/visual-studio-code/resources/app/extensions/node_modules/typescript/lib/tsserver.js:149008:57
    at Object.mapDefined (/opt/visual-studio-code/resources/app/extensions/node_modules/typescript/lib/tsserver.js:562:30)
    at IOSession.Session.getCompletionEntryDetails (/opt/visual-studio-code/resources/app/extensions/node_modules/typescript/lib/tsserver.js:149006:33)
    at Session.handlers.ts.createMapFromTemplate._a.<computed> (/opt/visual-studio-code/resources/app/extensions/node_modules/typescript/lib/tsserver.js:147924:61)
    at /opt/visual-studio-code/resources/app/extensions/node_modules/typescript/lib/tsserver.js:149555:88
    at IOSession.Session.executeWithRequestId (/opt/visual-studio-code/resources/app/extensions/node_modules/typescript/lib/tsserver.js:149546:28)
    at IOSession.Session.executeCommand (/opt/visual-studio-code/resources/app/extensions/node_modules/typescript/lib/tsserver.js:149555:33)
    at IOSession.Session.onMessage (/opt/visual-studio-code/resources/app/extensions/node_modules/typescript/lib/tsserver.js:149579:35)
    at Interface.<anonymous> (/opt/visual-studio-code/resources/app/extensions/node_modules/typescript/lib/tsserver.js:150895:27)
    at Interface.emit (events.js:203:13)
    at Interface._onLine (readline.js:316:10)
    at Interface._normalWrite (readline.js:461:12)
    at Socket.ondata (readline.js:172:10)
    at Socket.emit (events.js:203:13)
    at addChunk (_stream_readable.js:295:12)
    at readableAddChunk (_stream_readable.js:276:11)
    at Socket.Readable.push (_stream_readable.js:210:10)
    at Pipe.onStreamRead (internal/stream_base_commons.js:166:17)
	at Function.create (/opt/visual-studio-code/resources/app/extensions/typescript-language-features/dist/extension.js:1:75328)
	at h.dispatchResponse (/opt/visual-studio-code/resources/app/extensions/typescript-language-features/dist/extension.js:1:69203)
	at h.dispatchMessage (/opt/visual-studio-code/resources/app/extensions/typescript-language-features/dist/extension.js:1:68123)
	at /opt/visual-studio-code/resources/app/extensions/typescript-language-features/dist/extension.js:1:67652
	at l.fire (/opt/visual-studio-code/resources/app/out/vs/workbench/services/extensions/node/extensionHostProcess.js:46:222)
	at g.onLengthData (/opt/visual-studio-code/resources/app/extensions/typescript-language-features/dist/extension.js:45:60018)
	at Socket.<anonymous> (/opt/visual-studio-code/resources/app/extensions/typescript-language-features/dist/extension.js:45:59666)
	at Socket.emit (events.js:203:13)
	at addChunk (_stream_readable.js:295:12)
	at readableAddChunk (_stream_readable.js:276:11)
	at Socket.Readable.push (_stream_readable.js:210:10)
	at Pipe.onStreamRead (internal/stream_base_commons.js:166:17)
