User belongs to experiment group 'ShowPlayIcon - start'
User belongs to experiment group 'DebugAdapterFactory - experiment'
User belongs to experiment group 'PtvsdWheels37 - experiment'
User belongs to experiment group 'UseTerminalToGetActivatedEnvVars - control'
User belongs to experiment group 'LocalZMQKernel - experiment'
User belongs to experiment group 'CollectLSRequestTiming - control'
User belongs to experiment group 'CollectNodeLSRequestTiming - experiment'
User belongs to experiment group 'EnableIPyWidgets - experiment'
User belongs to experiment group 'RunByLine - control'
User belongs to experiment group 'CustomEditorSupport - control'
User belongs to experiment group 'pythonaacf'
> conda --version
> pyenv root
> python3.7 ~/.vscode/extensions/ms-python.python-2020.8.105369/pythonFiles/pyvsc-run-isolated.py -c "import sys;print(sys.executable)"
> python3.6 ~/.vscode/extensions/ms-python.python-2020.8.105369/pythonFiles/pyvsc-run-isolated.py -c "import sys;print(sys.executable)"
> python3 ~/.vscode/extensions/ms-python.python-2020.8.105369/pythonFiles/pyvsc-run-isolated.py -c "import sys;print(sys.executable)"
> python2 ~/.vscode/extensions/ms-python.python-2020.8.105369/pythonFiles/pyvsc-run-isolated.py -c "import sys;print(sys.executable)"
> python ~/.vscode/extensions/ms-python.python-2020.8.105369/pythonFiles/pyvsc-run-isolated.py -c "import sys;print(sys.executable)"
> python ~/.vscode/extensions/ms-python.python-2020.8.105369/pythonFiles/pyvsc-run-isolated.py -c "import sys;print(sys.executable)"
> conda info --json
> python ~/.vscode/extensions/ms-python.python-2020.8.105369/pythonFiles/pyvsc-run-isolated.py -c "import sys;print(sys.executable)"
> python ~/.vscode/extensions/ms-python.python-2020.8.105369/pythonFiles/pyvsc-run-isolated.py -c "import sys;print(sys.executable)"
> conda env list
> /usr/bin/python ~/.vscode/extensions/ms-python.python-2020.8.105369/pythonFiles/pyvsc-run-isolated.py -c "import jupyter"
> /usr/bin/python ~/.vscode/extensions/ms-python.python-2020.8.105369/pythonFiles/pyvsc-run-isolated.py -c "import jupyter"
> /usr/bin/python ~/.vscode/extensions/ms-python.python-2020.8.105369/pythonFiles/pyvsc-run-isolated.py -c "import notebook"
> /usr/bin/python ~/.vscode/extensions/ms-python.python-2020.8.105369/pythonFiles/pyvsc-run-isolated.py -c "import notebook"
Error 2020-09-02 13:32:20: Failed to get conda environment list from conda [Error: spawn conda ENOENT
	at Process.ChildProcess._handle.onexit (internal/child_process.js:264:19)
	at onErrorNT (internal/child_process.js:456:16)
	at processTicksAndRejections (internal/process/task_queues.js:77:11)] {
  errno: 'ENOENT',
  code: 'ENOENT',
  syscall: 'spawn conda',
  path: 'conda',
  spawnargs: [ 'env', 'list' ]
}
Error 2020-09-02 13:32:20: Failed to check if file needs to be fixed [EntryNotFound (FileSystemError): Unable to read file '/home/mulukou/Projects/bots-web-service/.vscode/settings.json' (EntryNotFound (FileSystemError): Error: ENOENT: no such file or directory, open '/home/mulukou/Projects/bots-web-service/.vscode/settings.json')
	at _handleError (/opt/visual-studio-code/resources/app/out/vs/workbench/services/extensions/node/extensionHostProcess.js:672:249)
	at processTicksAndRejections (internal/process/task_queues.js:85:5)
	at async v.readText (/home/mulukou/.vscode/extensions/ms-python.python-2020.8.105369/out/client/extension.js:1:495700)
	at async p.doesFileNeedToBeFixed (/home/mulukou/.vscode/extensions/ms-python.python-2020.8.105369/out/client/extension.js:48:953520)
	at async /home/mulukou/.vscode/extensions/ms-python.python-2020.8.105369/out/client/extension.js:48:952647
	at async Promise.all (index 1)
	at async p.getFilesToBeFixed (/home/mulukou/.vscode/extensions/ms-python.python-2020.8.105369/out/client/extension.js:48:952593)
	at async p.updateTestSettings (/home/mulukou/.vscode/extensions/ms-python.python-2020.8.105369/out/client/extension.js:48:952220)] {
  code: 'FileNotFound',
  name: 'EntryNotFound (FileSystemError)'
}
Starting Jedi Python language engine.
Python interpreter path: /usr/bin/python
> conda --version
> /usr/bin/python ~/.vscode/extensions/ms-python.python-2020.8.105369/pythonFiles/pyvsc-run-isolated.py -c "import sys;print(sys.prefix)"
cwd: ~/Projects/bots-web-service
> /usr/bin/python ~/.vscode/extensions/ms-python.python-2020.8.105369/pythonFiles/pyvsc-run-isolated.py -c "import sys;print(sys.prefix)"
cwd: ~/Projects/bots-web-service
> /usr/bin/python ~/.vscode/extensions/ms-python.python-2020.8.105369/pythonFiles/pyvsc-run-isolated.py -c "import sys;print(sys.executable)"
cwd: ~/Projects/bots-web-service
> /usr/bin/python ~/.vscode/extensions/ms-python.python-2020.8.105369/pythonFiles/pyvsc-run-isolated.py -c "import sys;print(sys.executable)"
cwd: ~/Projects/bots-web-service
> /usr/bin/python ~/.vscode/extensions/ms-python.python-2020.8.105369/pythonFiles/pyvsc-run-isolated.py -c "from distutils.sysconfig import get_python_lib; print(get_python_lib())"
cwd: ~/Projects/bots-web-service
> /usr/bin/python ~/.vscode/extensions/ms-python.python-2020.8.105369/pythonFiles/pyvsc-run-isolated.py -c "from distutils.sysconfig import get_python_lib; print(get_python_lib())"
cwd: ~/Projects/bots-web-service
> /usr/bin/python ~/.vscode/extensions/ms-python.python-2020.8.105369/pythonFiles/pyvsc-run-isolated.py site --user-site
cwd: ~/Projects/bots-web-service
> /usr/bin/python ~/.vscode/extensions/ms-python.python-2020.8.105369/pythonFiles/pyvsc-run-isolated.py site --user-site
cwd: ~/Projects/bots-web-service
> /usr/bin/python ~/.vscode/extensions/ms-python.python-2020.8.105369/pythonFiles/pyvsc-run-isolated.py ~/.vscode/extensions/ms-python.python-2020.8.105369/pythonFiles/completion.py
> /usr/bin/python ~/.vscode/extensions/ms-python.python-2020.8.105369/pythonFiles/pyvsc-run-isolated.py ~/.vscode/extensions/ms-python.python-2020.8.105369/pythonFiles/completion.py
Error 2020-09-02 13:32:21: stderr jediProxy Error (stderr) /home/mulukou/.vscode/extensions/ms-python.python-2020.8.105369/pythonFiles/completion.py:584: DeprecationWarning: Deprecated since version 0.16.0. Use Script(...).get_names instead.
  jedi.api.names(

> /usr/bin/python ~/.vscode/extensions/ms-python.python-2020.8.105369/pythonFiles/pyvsc-run-isolated.py pylint --disable=all --enable=F,unreachable,duplicate-key,unnecessary-semicolon,global-variable-not-assigned,unused-variable,unused-wildcard-import,binary-op-exception,bad-format-string,anomalous-backslash-in-string,bad-open-mode,E0001,E0011,E0012,E0100,E0101,E0102,E0103,E0104,E0105,E0107,E0108,E0110,E0111,E0112,E0113,E0114,E0115,E0116,E0117,E0118,E0202,E0203,E0211,E0213,E0236,E0237,E0238,E0239,E0240,E0241,E0301,E0302,E0303,E0401,E0402,E0601,E0602,E0603,E0604,E0611,E0632,E0633,E0701,E0702,E0703,E0704,E0710,E0711,E0712,E1003,E1101,E1102,E1111,E1120,E1121,E1123,E1124,E1125,E1126,E1127,E1128,E1129,E1130,E1131,E1132,E1133,E1134,E1135,E1136,E1137,E1138,E1139,E1200,E1201,E1205,E1206,E1300,E1301,E1302,E1303,E1304,E1305,E1306,E1310,E1700,E1701 --msg-template='{line},{column},{category},{symbol}:{msg}' --reports=n --output-format=text "~/Projects/bots-web-service/python/[fin] ONS.py"
cwd: ~/Projects/bots-web-service
> /usr/bin/python ~/.vscode/extensions/ms-python.python-2020.8.105369/pythonFiles/pyvsc-run-isolated.py pylint --disable=all --enable=F,unreachable,duplicate-key,unnecessary-semicolon,global-variable-not-assigned,unused-variable,unused-wildcard-import,binary-op-exception,bad-format-string,anomalous-backslash-in-string,bad-open-mode,E0001,E0011,E0012,E0100,E0101,E0102,E0103,E0104,E0105,E0107,E0108,E0110,E0111,E0112,E0113,E0114,E0115,E0116,E0117,E0118,E0202,E0203,E0211,E0213,E0236,E0237,E0238,E0239,E0240,E0241,E0301,E0302,E0303,E0401,E0402,E0601,E0602,E0603,E0604,E0611,E0632,E0633,E0701,E0702,E0703,E0704,E0710,E0711,E0712,E1003,E1101,E1102,E1111,E1120,E1121,E1123,E1124,E1125,E1126,E1127,E1128,E1129,E1130,E1131,E1132,E1133,E1134,E1135,E1136,E1137,E1138,E1139,E1200,E1201,E1205,E1206,E1300,E1301,E1302,E1303,E1304,E1305,E1306,E1310,E1700,E1701 --msg-template='{line},{column},{category},{symbol}:{msg}' --reports=n --output-format=text "~/Projects/bots-web-service/python/[fin] ONS.py"
cwd: ~/Projects/bots-web-service
##########Linting Output - pylint##########
************* Module [fin] ONS
23,20,error,used-before-assignment:Using variable 'DF' before assignment

-----------------------------------
Your code has been rated at 9.64/10

> pyenv root
