Looking for git in: git
Using git 2.28.0 from git
> git rev-parse --git-dir
Open repository: /home/mulukou/Projects/bots-web-service
> git status -z -u
> git symbolic-ref --short HEAD
> git rev-parse bot/sindat
> git rev-parse --symbolic-full-name bot/sindat@{u}
fatal: no upstream configured for branch 'bot/sindat'
> git for-each-ref --sort -committerdate --format %(refname) %(objectname)
> git remote --verbose
> git config --get commit.template
> git show --textconv :src/bots/sindat/runYear.ts
> git ls-files --stage -- /home/mulukou/Projects/bots-web-service/src/bots/sindat/runYear.ts
> git check-ignore -v -z --stdin
> git cat-file -s 8c066b49f3248e6d1de6500819af4a3958d6f982
> git config --global user.email
> git config --global user.name
> git status -z -u
> git symbolic-ref --short HEAD
> git rev-parse bot/sindat
> git rev-parse --symbolic-full-name bot/sindat@{u}
fatal: no upstream configured for branch 'bot/sindat'
> git for-each-ref --sort -committerdate --format %(refname) %(objectname)
> git remote --verbose
> git config --get commit.template
> git show -s --format=%an <%ae> [%ai] a92c1522fe4b94ffc1a3254a0b2b941843c94b78
> git show -s --format=%H%n%aN%n%aE%n%at%n%ct%n%P%n%B -z a92c1522fe4b94ffc1a3254a0b2b941843c94b78
> git show -s --format=%an <%ae> [%ai] 1ac98bf65702a136fb51ae95d7c7b822abb8a84d
> git show -s --format=%H%n%aN%n%aE%n%at%n%ct%n%P%n%B -z 1ac98bf65702a136fb51ae95d7c7b822abb8a84d
> git show -s --format=%an <%ae> [%ai] acf1d8db6c9fd44e5286b1edbfb061a105f7d25c
> git show -s --format=%H%n%aN%n%aE%n%at%n%ct%n%P%n%B -z acf1d8db6c9fd44e5286b1edbfb061a105f7d25c
> git show -s --format=%an <%ae> [%ai] b88cbbdfc9860a2dfd051139e56a6ba121058155
> git show -s --format=%H%n%aN%n%aE%n%at%n%ct%n%P%n%B -z b88cbbdfc9860a2dfd051139e56a6ba121058155
> git show -s --format=%an <%ae> [%ai] f9a9ead762bf8033b5d11428f0e9841988690c70
> git show -s --format=%an <%ae> [%ai] 5d77e73c0174377eed4a29f15c9d453f54d2f1c4
> git show -s --format=%H%n%aN%n%aE%n%at%n%ct%n%P%n%B -z f9a9ead762bf8033b5d11428f0e9841988690c70
> git show -s --format=%H%n%aN%n%aE%n%at%n%ct%n%P%n%B -z 5d77e73c0174377eed4a29f15c9d453f54d2f1c4
> git show -s --format=%an <%ae> [%ai] a41535f3c311daa8b9e1f9c926c3d688a74d3bbd
> git show -s --format=%an <%ae> [%ai] a86c1275a8d1993c7e45a5a9245782184258c757
> git show -s --format=%H%n%aN%n%aE%n%at%n%ct%n%P%n%B -z a41535f3c311daa8b9e1f9c926c3d688a74d3bbd
> git show -s --format=%an <%ae> [%ai] a86c1275a8d1993c7e45a5a9245782184258c757
> git show -s --format=%an <%ae> [%ai] 2434c03871f5531e859aae0c5c54a4753344f889
> git show -s --format=%H%n%aN%n%aE%n%at%n%ct%n%P%n%B -z a86c1275a8d1993c7e45a5a9245782184258c757
> git show -s --format=%an <%ae> [%ai] 73f1920981fe00d81da68521e00562d8e6616c4e
> git show -s --format=%H%n%aN%n%aE%n%at%n%ct%n%P%n%B -z a86c1275a8d1993c7e45a5a9245782184258c757
> git show -s --format=%H%n%aN%n%aE%n%at%n%ct%n%P%n%B -z 73f1920981fe00d81da68521e00562d8e6616c4e
> git show -s --format=%an <%ae> [%ai] d8f75f02db1fb1418d4c21a471f8257721a83891
> git show -s --format=%an <%ae> [%ai] a46fcffc80c1d6d95e1e20f083706f7e49d59dad
> git show -s --format=%H%n%aN%n%aE%n%at%n%ct%n%P%n%B -z 2434c03871f5531e859aae0c5c54a4753344f889
> git show -s --format=%an <%ae> [%ai] 1821e1d834714cfe648a2286467a481630c8ba07
> git show -s --format=%an <%ae> [%ai] d8f75f02db1fb1418d4c21a471f8257721a83891
> git show -s --format=%an <%ae> [%ai] a46fcffc80c1d6d95e1e20f083706f7e49d59dad
> git show -s --format=%an <%ae> [%ai] a86c1275a8d1993c7e45a5a9245782184258c757
> git show -s --format=%H%n%aN%n%aE%n%at%n%ct%n%P%n%B -z a86c1275a8d1993c7e45a5a9245782184258c757
> git show -s --format=%an <%ae> [%ai] d8f75f02db1fb1418d4c21a471f8257721a83891
> git show -s --format=%an <%ae> [%ai] a46fcffc80c1d6d95e1e20f083706f7e49d59dad
> git show -s --format=%H%n%aN%n%aE%n%at%n%ct%n%P%n%B -z a46fcffc80c1d6d95e1e20f083706f7e49d59dad
> git show -s --format=%H%n%aN%n%aE%n%at%n%ct%n%P%n%B -z a46fcffc80c1d6d95e1e20f083706f7e49d59dad
> git show -s --format=%an <%ae> [%ai] 66f9e2298639c6d74740f2dc82d97b8e966bbd6e
> git show -s --format=%H%n%aN%n%aE%n%at%n%ct%n%P%n%B -z 1821e1d834714cfe648a2286467a481630c8ba07
> git show -s --format=%H%n%aN%n%aE%n%at%n%ct%n%P%n%B -z a46fcffc80c1d6d95e1e20f083706f7e49d59dad
> git show -s --format=%an <%ae> [%ai] 3086134d5f88b05760656387f1c481d3a014ea24
> git show -s --format=%H%n%aN%n%aE%n%at%n%ct%n%P%n%B -z 66f9e2298639c6d74740f2dc82d97b8e966bbd6e
> git show -s --format=%an <%ae> [%ai] 66f9e2298639c6d74740f2dc82d97b8e966bbd6e
> git show -s --format=%an <%ae> [%ai] c147fdd21a009847e7193c189254035f138e8e45
> git show -s --format=%an <%ae> [%ai] 66f9e2298639c6d74740f2dc82d97b8e966bbd6e
> git show -s --format=%H%n%aN%n%aE%n%at%n%ct%n%P%n%B -z 66f9e2298639c6d74740f2dc82d97b8e966bbd6e
> git show -s --format=%an <%ae> [%ai] c147fdd21a009847e7193c189254035f138e8e45
> git show -s --format=%H%n%aN%n%aE%n%at%n%ct%n%P%n%B -z 66f9e2298639c6d74740f2dc82d97b8e966bbd6e
> git show -s --format=%an <%ae> [%ai] c147fdd21a009847e7193c189254035f138e8e45
> git show -s --format=%H%n%aN%n%aE%n%at%n%ct%n%P%n%B -z c147fdd21a009847e7193c189254035f138e8e45
> git show -s --format=%H%n%aN%n%aE%n%at%n%ct%n%P%n%B -z c147fdd21a009847e7193c189254035f138e8e45
> git show -s --format=%H%n%aN%n%aE%n%at%n%ct%n%P%n%B -z c147fdd21a009847e7193c189254035f138e8e45
> git show -s --format=%H%n%aN%n%aE%n%at%n%ct%n%P%n%B -z 3086134d5f88b05760656387f1c481d3a014ea24
> git show -s --format=%an <%ae> [%ai] d8f75f02db1fb1418d4c21a471f8257721a83891
> git show -s --format=%an <%ae> [%ai] 549a51850b98461afc00a94589eff429916ca4a1
> git show -s --format=%an <%ae> [%ai] d8f75f02db1fb1418d4c21a471f8257721a83891
> git show -s --format=%an <%ae> [%ai] d8f75f02db1fb1418d4c21a471f8257721a83891
> git show -s --format=%H%n%aN%n%aE%n%at%n%ct%n%P%n%B -z 549a51850b98461afc00a94589eff429916ca4a1
> git show -s --format=%an <%ae> [%ai] 730e3fc7f3fcf930bb1f1a0206327469eee0019f
> git show -s --format=%H%n%aN%n%aE%n%at%n%ct%n%P%n%B -z 730e3fc7f3fcf930bb1f1a0206327469eee0019f
> git show -s --format=%an <%ae> [%ai] cb6bdf99deab374c3251e8a1ee08d8deeef3e514
> git show -s --format=%H%n%aN%n%aE%n%at%n%ct%n%P%n%B -z cb6bdf99deab374c3251e8a1ee08d8deeef3e514
> git show -s --format=%an <%ae> [%ai] d8f75f02db1fb1418d4c21a471f8257721a83891
> git status -z -u
> git symbolic-ref --short HEAD
> git rev-parse bot/sindat
> git rev-parse --symbolic-full-name bot/sindat@{u}
fatal: no upstream configured for branch 'bot/sindat'
> git for-each-ref --sort -committerdate --format %(refname) %(objectname)
> git remote --verbose
> git config --get commit.template
> git show --textconv :src/bots/sindat/runYear.ts
> git status -z -u
> git symbolic-ref --short HEAD
> git rev-parse bot/sindat
> git rev-parse --symbolic-full-name bot/sindat@{u}
fatal: no upstream configured for branch 'bot/sindat'
> git for-each-ref --sort -committerdate --format %(refname) %(objectname)
> git remote --verbose
> git config --get commit.template
> git status -z -u
> git symbolic-ref --short HEAD
> git rev-parse bot/sindat
> git rev-parse --symbolic-full-name bot/sindat@{u}
fatal: no upstream configured for branch 'bot/sindat'
> git for-each-ref --sort -committerdate --format %(refname) %(objectname)
> git remote --verbose
> git config --get commit.template
> git status -z -u
> git symbolic-ref --short HEAD
> git rev-parse bot/sindat
> git rev-parse --symbolic-full-name bot/sindat@{u}
fatal: no upstream configured for branch 'bot/sindat'
> git for-each-ref --sort -committerdate --format %(refname) %(objectname)
> git remote --verbose
> git config --get commit.template
> git status -z -u
> git symbolic-ref --short HEAD
> git rev-parse bot/sindat
> git rev-parse --symbolic-full-name bot/sindat@{u}
fatal: no upstream configured for branch 'bot/sindat'
> git for-each-ref --sort -committerdate --format %(refname) %(objectname)
> git remote --verbose
> git config --get commit.template
> git status -z -u
> git symbolic-ref --short HEAD
> git rev-parse bot/sindat
> git rev-parse --symbolic-full-name bot/sindat@{u}
fatal: no upstream configured for branch 'bot/sindat'
> git for-each-ref --sort -committerdate --format %(refname) %(objectname)
> git remote --verbose
> git config --get commit.template
> git status -z -u
> git symbolic-ref --short HEAD
> git rev-parse bot/sindat
> git rev-parse --symbolic-full-name bot/sindat@{u}
fatal: no upstream configured for branch 'bot/sindat'
> git for-each-ref --sort -committerdate --format %(refname) %(objectname)
> git remote --verbose
> git config --get commit.template
> git status -z -u
> git symbolic-ref --short HEAD
> git rev-parse bot/sindat
> git rev-parse --symbolic-full-name bot/sindat@{u}
fatal: no upstream configured for branch 'bot/sindat'
> git for-each-ref --sort -committerdate --format %(refname) %(objectname)
> git remote --verbose
> git config --get commit.template
> git status -z -u
> git symbolic-ref --short HEAD
> git rev-parse bot/sindat
> git rev-parse --symbolic-full-name bot/sindat@{u}
fatal: no upstream configured for branch 'bot/sindat'
> git for-each-ref --sort -committerdate --format %(refname) %(objectname)
> git remote --verbose
> git config --get commit.template
> git status -z -u
> git symbolic-ref --short HEAD
> git rev-parse bot/sindat
> git rev-parse --symbolic-full-name bot/sindat@{u}
fatal: no upstream configured for branch 'bot/sindat'
> git for-each-ref --sort -committerdate --format %(refname) %(objectname)
> git remote --verbose
> git config --get commit.template
> git status -z -u
> git symbolic-ref --short HEAD
> git rev-parse bot/sindat
> git rev-parse --symbolic-full-name bot/sindat@{u}
fatal: no upstream configured for branch 'bot/sindat'
> git for-each-ref --sort -committerdate --format %(refname) %(objectname)
> git remote --verbose
> git config --get commit.template
> git status -z -u
> git symbolic-ref --short HEAD
> git rev-parse bot/sindat
> git rev-parse --symbolic-full-name bot/sindat@{u}
fatal: no upstream configured for branch 'bot/sindat'
> git for-each-ref --sort -committerdate --format %(refname) %(objectname)
> git remote --verbose
> git config --get commit.template
> git status -z -u
> git symbolic-ref --short HEAD
> git rev-parse bot/sindat
> git rev-parse --symbolic-full-name bot/sindat@{u}
fatal: no upstream configured for branch 'bot/sindat'
> git for-each-ref --sort -committerdate --format %(refname) %(objectname)
> git remote --verbose
> git config --get commit.template
> git status -z -u
> git symbolic-ref --short HEAD
> git rev-parse bot/sindat
> git rev-parse --symbolic-full-name bot/sindat@{u}
fatal: no upstream configured for branch 'bot/sindat'
> git for-each-ref --sort -committerdate --format %(refname) %(objectname)
> git remote --verbose
> git config --get commit.template
> git status -z -u
> git symbolic-ref --short HEAD
> git rev-parse bot/sindat
> git rev-parse --symbolic-full-name bot/sindat@{u}
fatal: no upstream configured for branch 'bot/sindat'
> git for-each-ref --sort -committerdate --format %(refname) %(objectname)
> git remote --verbose
> git config --get commit.template
> git status -z -u
> git symbolic-ref --short HEAD
> git rev-parse bot/sindat
> git rev-parse --symbolic-full-name bot/sindat@{u}
fatal: no upstream configured for branch 'bot/sindat'
> git for-each-ref --sort -committerdate --format %(refname) %(objectname)
> git remote --verbose
> git config --get commit.template
> git status -z -u
> git symbolic-ref --short HEAD
> git rev-parse bot/sindat
> git rev-parse --symbolic-full-name bot/sindat@{u}
fatal: no upstream configured for branch 'bot/sindat'
> git for-each-ref --sort -committerdate --format %(refname) %(objectname)
> git remote --verbose
> git config --get commit.template
> git status -z -u
> git symbolic-ref --short HEAD
> git rev-parse bot/sindat
> git rev-parse --symbolic-full-name bot/sindat@{u}
fatal: no upstream configured for branch 'bot/sindat'
> git for-each-ref --sort -committerdate --format %(refname) %(objectname)
> git remote --verbose
> git config --get commit.template
> git status -z -u
> git symbolic-ref --short HEAD
> git rev-parse bot/sindat
> git rev-parse --symbolic-full-name bot/sindat@{u}
fatal: no upstream configured for branch 'bot/sindat'
> git for-each-ref --sort -committerdate --format %(refname) %(objectname)
> git remote --verbose
> git config --get commit.template
> git status -z -u
> git symbolic-ref --short HEAD
> git rev-parse bot/sindat
> git rev-parse --symbolic-full-name bot/sindat@{u}
fatal: no upstream configured for branch 'bot/sindat'
> git for-each-ref --sort -committerdate --format %(refname) %(objectname)
> git remote --verbose
> git config --get commit.template
> git status -z -u
> git symbolic-ref --short HEAD
> git rev-parse bot/sindat
> git rev-parse --symbolic-full-name bot/sindat@{u}
fatal: no upstream configured for branch 'bot/sindat'
> git for-each-ref --sort -committerdate --format %(refname) %(objectname)
> git remote --verbose
> git config --get commit.template
> git show --textconv :src/bots/sindat/index.ts
> git ls-files --stage -- /home/mulukou/Projects/bots-web-service/src/bots/sindat/index.ts
> git cat-file -s ba4ee1efe524d886688bb3f226e48b9ee701e723
> git show --textconv :src/bots/sindat/index.ts
> git check-ignore -v -z --stdin
> git show --textconv :src/bots/sindat/collectPlanned.ts
> git ls-files --stage -- /home/mulukou/Projects/bots-web-service/src/bots/sindat/collectPlanned.ts
> git cat-file -s 1a95512fbae5f418a466f898e8d164e4d31ee062
> git show --textconv :src/bots/sindat/collectPlanned.ts
> git status -z -u
> git symbolic-ref --short HEAD
> git rev-parse bot/sindat
> git rev-parse --symbolic-full-name bot/sindat@{u}
fatal: no upstream configured for branch 'bot/sindat'
> git for-each-ref --sort -committerdate --format %(refname) %(objectname)
> git remote --verbose
> git config --get commit.template
> git status -z -u
> git symbolic-ref --short HEAD
> git rev-parse bot/sindat
> git rev-parse --symbolic-full-name bot/sindat@{u}
fatal: no upstream configured for branch 'bot/sindat'
> git for-each-ref --sort -committerdate --format %(refname) %(objectname)
> git remote --verbose
> git config --get commit.template
> git status -z -u
> git symbolic-ref --short HEAD
> git rev-parse bot/sindat
> git rev-parse --symbolic-full-name bot/sindat@{u}
fatal: no upstream configured for branch 'bot/sindat'
> git for-each-ref --sort -committerdate --format %(refname) %(objectname)
> git remote --verbose
> git config --get commit.template
> git status -z -u
> git symbolic-ref --short HEAD
> git rev-parse bot/sindat
> git rev-parse --symbolic-full-name bot/sindat@{u}
fatal: no upstream configured for branch 'bot/sindat'
> git for-each-ref --sort -committerdate --format %(refname) %(objectname)
> git remote --verbose
> git config --get commit.template
> git status -z -u
> git symbolic-ref --short HEAD
> git rev-parse bot/sindat
> git rev-parse --symbolic-full-name bot/sindat@{u}
fatal: no upstream configured for branch 'bot/sindat'
> git for-each-ref --sort -committerdate --format %(refname) %(objectname)
> git remote --verbose
> git config --get commit.template
> git status -z -u
> git symbolic-ref --short HEAD
> git rev-parse bot/sindat
> git rev-parse --symbolic-full-name bot/sindat@{u}
fatal: no upstream configured for branch 'bot/sindat'
> git for-each-ref --sort -committerdate --format %(refname) %(objectname)
> git remote --verbose
> git config --get commit.template
> git status -z -u
> git symbolic-ref --short HEAD
> git rev-parse bot/sindat
> git rev-parse --symbolic-full-name bot/sindat@{u}
fatal: no upstream configured for branch 'bot/sindat'
> git for-each-ref --sort -committerdate --format %(refname) %(objectname)
> git remote --verbose
> git config --get commit.template
> git status -z -u
> git symbolic-ref --short HEAD
> git rev-parse bot/sindat
> git rev-parse --symbolic-full-name bot/sindat@{u}
fatal: no upstream configured for branch 'bot/sindat'
> git for-each-ref --sort -committerdate --format %(refname) %(objectname)
> git remote --verbose
> git config --get commit.template
> git status -z -u
> git symbolic-ref --short HEAD
> git rev-parse bot/sindat
> git rev-parse --symbolic-full-name bot/sindat@{u}
fatal: no upstream configured for branch 'bot/sindat'
> git for-each-ref --sort -committerdate --format %(refname) %(objectname)
> git remote --verbose
> git config --get commit.template
> git status -z -u
> git symbolic-ref --short HEAD
> git rev-parse bot/sindat
> git rev-parse --symbolic-full-name bot/sindat@{u}
fatal: no upstream configured for branch 'bot/sindat'
> git for-each-ref --sort -committerdate --format %(refname) %(objectname)
> git remote --verbose
> git config --get commit.template
> git status -z -u
> git symbolic-ref --short HEAD
> git rev-parse bot/sindat
> git rev-parse --symbolic-full-name bot/sindat@{u}
fatal: no upstream configured for branch 'bot/sindat'
> git for-each-ref --sort -committerdate --format %(refname) %(objectname)
> git remote --verbose
> git config --get commit.template
> git status -z -u
> git symbolic-ref --short HEAD
> git rev-parse bot/sindat
> git rev-parse --symbolic-full-name bot/sindat@{u}
fatal: no upstream configured for branch 'bot/sindat'
> git for-each-ref --sort -committerdate --format %(refname) %(objectname)
> git remote --verbose
> git config --get commit.template
> git status -z -u
> git symbolic-ref --short HEAD
> git rev-parse bot/sindat
> git rev-parse --symbolic-full-name bot/sindat@{u}
fatal: no upstream configured for branch 'bot/sindat'
> git for-each-ref --sort -committerdate --format %(refname) %(objectname)
> git remote --verbose
> git config --get commit.template
> git status -z -u
> git symbolic-ref --short HEAD
> git rev-parse bot/sindat
> git rev-parse --symbolic-full-name bot/sindat@{u}
fatal: no upstream configured for branch 'bot/sindat'
> git for-each-ref --sort -committerdate --format %(refname) %(objectname)
> git remote --verbose
> git config --get commit.template
> git status -z -u
> git symbolic-ref --short HEAD
> git rev-parse bot/sindat
> git rev-parse --symbolic-full-name bot/sindat@{u}
fatal: no upstream configured for branch 'bot/sindat'
> git for-each-ref --sort -committerdate --format %(refname) %(objectname)
> git remote --verbose
> git config --get commit.template
> git status -z -u
> git symbolic-ref --short HEAD
> git rev-parse bot/sindat
> git rev-parse --symbolic-full-name bot/sindat@{u}
fatal: no upstream configured for branch 'bot/sindat'
> git for-each-ref --sort -committerdate --format %(refname) %(objectname)
> git remote --verbose
> git config --get commit.template
> git status -z -u
> git symbolic-ref --short HEAD
> git rev-parse bot/sindat
> git rev-parse --symbolic-full-name bot/sindat@{u}
fatal: no upstream configured for branch 'bot/sindat'
> git for-each-ref --sort -committerdate --format %(refname) %(objectname)
> git remote --verbose
> git config --get commit.template
> git status -z -u
> git symbolic-ref --short HEAD
> git rev-parse bot/sindat
> git rev-parse --symbolic-full-name bot/sindat@{u}
fatal: no upstream configured for branch 'bot/sindat'
> git for-each-ref --sort -committerdate --format %(refname) %(objectname)
> git remote --verbose
> git config --get commit.template
> git status -z -u
> git symbolic-ref --short HEAD
> git rev-parse bot/sindat
> git rev-parse --symbolic-full-name bot/sindat@{u}
fatal: no upstream configured for branch 'bot/sindat'
> git for-each-ref --sort -committerdate --format %(refname) %(objectname)
> git remote --verbose
> git config --get commit.template
> git status -z -u
> git symbolic-ref --short HEAD
> git rev-parse bot/sindat
> git rev-parse --symbolic-full-name bot/sindat@{u}
fatal: no upstream configured for branch 'bot/sindat'
> git for-each-ref --sort -committerdate --format %(refname) %(objectname)
> git remote --verbose
> git config --get commit.template
> git status -z -u
> git symbolic-ref --short HEAD
> git rev-parse bot/sindat
> git rev-parse --symbolic-full-name bot/sindat@{u}
fatal: no upstream configured for branch 'bot/sindat'
> git for-each-ref --sort -committerdate --format %(refname) %(objectname)
> git remote --verbose
> git config --get commit.template
> git status -z -u
> git symbolic-ref --short HEAD
> git rev-parse bot/sindat
> git rev-parse --symbolic-full-name bot/sindat@{u}
fatal: no upstream configured for branch 'bot/sindat'
> git for-each-ref --sort -committerdate --format %(refname) %(objectname)
> git remote --verbose
> git config --get commit.template
> git status -z -u
> git symbolic-ref --short HEAD
> git rev-parse bot/sindat
> git rev-parse --symbolic-full-name bot/sindat@{u}
fatal: no upstream configured for branch 'bot/sindat'
> git for-each-ref --sort -committerdate --format %(refname) %(objectname)
> git remote --verbose
> git config --get commit.template
> git status -z -u
> git symbolic-ref --short HEAD
> git rev-parse bot/sindat
> git rev-parse --symbolic-full-name bot/sindat@{u}
fatal: no upstream configured for branch 'bot/sindat'
> git for-each-ref --sort -committerdate --format %(refname) %(objectname)
> git remote --verbose
> git config --get commit.template
> git status -z -u
> git symbolic-ref --short HEAD
> git rev-parse bot/sindat
> git rev-parse --symbolic-full-name bot/sindat@{u}
fatal: no upstream configured for branch 'bot/sindat'
> git for-each-ref --sort -committerdate --format %(refname) %(objectname)
> git remote --verbose
> git config --get commit.template
> git status -z -u
> git symbolic-ref --short HEAD
> git rev-parse bot/sindat
> git rev-parse --symbolic-full-name bot/sindat@{u}
fatal: no upstream configured for branch 'bot/sindat'
> git for-each-ref --sort -committerdate --format %(refname) %(objectname)
> git remote --verbose
> git config --get commit.template
> git status -z -u
> git symbolic-ref --short HEAD
> git rev-parse bot/sindat
> git rev-parse --symbolic-full-name bot/sindat@{u}
fatal: no upstream configured for branch 'bot/sindat'
> git for-each-ref --sort -committerdate --format %(refname) %(objectname)
> git remote --verbose
> git config --get commit.template
> git status -z -u
> git symbolic-ref --short HEAD
> git rev-parse bot/sindat
> git rev-parse --symbolic-full-name bot/sindat@{u}
fatal: no upstream configured for branch 'bot/sindat'
> git for-each-ref --sort -committerdate --format %(refname) %(objectname)
> git remote --verbose
> git config --get commit.template
> git status -z -u
> git symbolic-ref --short HEAD
> git rev-parse bot/sindat
> git rev-parse --symbolic-full-name bot/sindat@{u}
fatal: no upstream configured for branch 'bot/sindat'
> git for-each-ref --sort -committerdate --format %(refname) %(objectname)
> git remote --verbose
> git config --get commit.template
> git status -z -u
> git symbolic-ref --short HEAD
> git rev-parse bot/sindat
> git rev-parse --symbolic-full-name bot/sindat@{u}
fatal: no upstream configured for branch 'bot/sindat'
> git for-each-ref --sort -committerdate --format %(refname) %(objectname)
> git remote --verbose
> git config --get commit.template
> git status -z -u
> git symbolic-ref --short HEAD
> git rev-parse bot/sindat
> git rev-parse --symbolic-full-name bot/sindat@{u}
fatal: no upstream configured for branch 'bot/sindat'
> git for-each-ref --sort -committerdate --format %(refname) %(objectname)
> git remote --verbose
> git config --get commit.template
> git status -z -u
> git symbolic-ref --short HEAD
> git rev-parse bot/sindat
> git rev-parse --symbolic-full-name bot/sindat@{u}
fatal: no upstream configured for branch 'bot/sindat'
> git for-each-ref --sort -committerdate --format %(refname) %(objectname)
> git remote --verbose
> git config --get commit.template
> git status -z -u
> git symbolic-ref --short HEAD
> git rev-parse bot/sindat
> git rev-parse --symbolic-full-name bot/sindat@{u}
fatal: no upstream configured for branch 'bot/sindat'
> git for-each-ref --sort -committerdate --format %(refname) %(objectname)
> git remote --verbose
> git config --get commit.template
> git status -z -u
> git symbolic-ref --short HEAD
> git rev-parse bot/sindat
> git rev-parse --symbolic-full-name bot/sindat@{u}
fatal: no upstream configured for branch 'bot/sindat'
> git for-each-ref --sort -committerdate --format %(refname) %(objectname)
> git remote --verbose
> git config --get commit.template
> git status -z -u
> git symbolic-ref --short HEAD
> git rev-parse bot/sindat
> git rev-parse --symbolic-full-name bot/sindat@{u}
fatal: no upstream configured for branch 'bot/sindat'
> git for-each-ref --sort -committerdate --format %(refname) %(objectname)
> git remote --verbose
> git config --get commit.template
> git status -z -u
> git symbolic-ref --short HEAD
> git rev-parse bot/sindat
> git rev-parse --symbolic-full-name bot/sindat@{u}
fatal: no upstream configured for branch 'bot/sindat'
> git for-each-ref --sort -committerdate --format %(refname) %(objectname)
> git remote --verbose
> git config --get commit.template
> git status -z -u
> git symbolic-ref --short HEAD
> git rev-parse bot/sindat
> git rev-parse --symbolic-full-name bot/sindat@{u}
fatal: no upstream configured for branch 'bot/sindat'
> git for-each-ref --sort -committerdate --format %(refname) %(objectname)
> git remote --verbose
> git config --get commit.template
> git show --textconv :src/bots/sindat/index.ts
> git ls-files --stage -- /home/mulukou/Projects/bots-web-service/src/bots/sindat/index.ts
> git cat-file -s ba4ee1efe524d886688bb3f226e48b9ee701e723
> git show --textconv :src/bots/sindat/index.ts
> git show --textconv :src/bots/sindat/collectEquipments.ts
> git ls-files --stage -- /home/mulukou/Projects/bots-web-service/src/bots/sindat/collectEquipments.ts
> git cat-file -s a3843d5e7629c8f2f06adc6dad048ebaed474d95
> git show --textconv :src/bots/sindat/collectEquipments.ts
> git show --textconv :src/bots/sindat/index.ts
> git ls-files --stage -- /home/mulukou/Projects/bots-web-service/src/bots/sindat/index.ts
> git cat-file -s ba4ee1efe524d886688bb3f226e48b9ee701e723
> git show --textconv :src/bots/sindat/index.ts
> git status -z -u
> git symbolic-ref --short HEAD
> git rev-parse bot/sindat
> git rev-parse --symbolic-full-name bot/sindat@{u}
fatal: no upstream configured for branch 'bot/sindat'
> git for-each-ref --sort -committerdate --format %(refname) %(objectname)
> git remote --verbose
> git config --get commit.template
> git status -z -u
> git symbolic-ref --short HEAD
> git rev-parse bot/sindat
> git rev-parse --symbolic-full-name bot/sindat@{u}
fatal: no upstream configured for branch 'bot/sindat'
> git for-each-ref --sort -committerdate --format %(refname) %(objectname)
> git remote --verbose
> git config --get commit.template
> git status -z -u
> git symbolic-ref --short HEAD
> git rev-parse bot/sindat
> git rev-parse --symbolic-full-name bot/sindat@{u}
fatal: no upstream configured for branch 'bot/sindat'
> git for-each-ref --sort -committerdate --format %(refname) %(objectname)
> git remote --verbose
> git config --get commit.template
> git status -z -u
> git symbolic-ref --short HEAD
> git rev-parse bot/sindat
> git rev-parse --symbolic-full-name bot/sindat@{u}
fatal: no upstream configured for branch 'bot/sindat'
> git for-each-ref --sort -committerdate --format %(refname) %(objectname)
> git remote --verbose
> git config --get commit.template
> git status -z -u
> git symbolic-ref --short HEAD
> git rev-parse bot/sindat
> git rev-parse --symbolic-full-name bot/sindat@{u}
fatal: no upstream configured for branch 'bot/sindat'
> git for-each-ref --sort -committerdate --format %(refname) %(objectname)
> git remote --verbose
> git config --get commit.template
> git status -z -u
> git symbolic-ref --short HEAD
> git rev-parse bot/sindat
> git rev-parse --symbolic-full-name bot/sindat@{u}
fatal: no upstream configured for branch 'bot/sindat'
> git for-each-ref --sort -committerdate --format %(refname) %(objectname)
> git remote --verbose
> git config --get commit.template
> git check-ignore -v -z --stdin
> git show --textconv :src/bots/webmapepe/index.ts
> git ls-files --stage -- /home/mulukou/Projects/bots-web-service/src/bots/webmapepe/index.ts
> git cat-file -s 5b473540eafea6c10e26c3477c62fe9da37cbe04
> git show --textconv :src/bots/webmapepe/index.ts
> git check-ignore -v -z --stdin
> git status -z -u
> git symbolic-ref --short HEAD
> git rev-parse bot/sindat
> git rev-parse --symbolic-full-name bot/sindat@{u}
fatal: no upstream configured for branch 'bot/sindat'
> git for-each-ref --sort -committerdate --format %(refname) %(objectname)
> git remote --verbose
> git config --get commit.template
> git status -z -u
> git symbolic-ref --short HEAD
> git rev-parse bot/sindat
> git rev-parse --symbolic-full-name bot/sindat@{u}
fatal: no upstream configured for branch 'bot/sindat'
> git for-each-ref --sort -committerdate --format %(refname) %(objectname)
> git remote --verbose
> git config --get commit.template
> git ls-files --stage -- /home/mulukou/Projects/bots-web-service/src/bots/webmapepe/index.ts
> git cat-file -s 5b473540eafea6c10e26c3477c62fe9da37cbe04
> git show --textconv :src/bots/webmapepe/index.ts
> git status -z -u
> git symbolic-ref --short HEAD
> git rev-parse bot/sindat
> git rev-parse --symbolic-full-name bot/sindat@{u}
fatal: no upstream configured for branch 'bot/sindat'
> git for-each-ref --sort -committerdate --format %(refname) %(objectname)
> git remote --verbose
> git config --get commit.template
> git status -z -u
> git symbolic-ref --short HEAD
> git rev-parse bot/sindat
> git rev-parse --symbolic-full-name bot/sindat@{u}
fatal: no upstream configured for branch 'bot/sindat'
> git for-each-ref --sort -committerdate --format %(refname) %(objectname)
> git remote --verbose
> git config --get commit.template
> git ls-files --stage -- /home/mulukou/Projects/bots-web-service/src/bots/webmapepe/index.ts
> git cat-file -s 5b473540eafea6c10e26c3477c62fe9da37cbe04
> git show --textconv :src/bots/webmapepe/index.ts
> git status -z -u
> git symbolic-ref --short HEAD
> git rev-parse bot/sindat
> git rev-parse --symbolic-full-name bot/sindat@{u}
fatal: no upstream configured for branch 'bot/sindat'
> git for-each-ref --sort -committerdate --format %(refname) %(objectname)
> git remote --verbose
> git config --get commit.template
> git check-ignore -v -z --stdin
> git check-ignore -v -z --stdin
> git check-ignore -v -z --stdin
> git for-each-ref --format %(refname:short)%00%(upstream:short) refs/heads
> git checkout -q master
error: Your local changes to the following files would be overwritten by checkout:
	package.json
	src/bots/inmet/index.ts
	src/discord.ts
	yarn.lock
Please commit your changes or stash them before you switch branches.
Aborting
> git log --format=%H%n%aN%n%aE%n%at%n%ct%n%P%n%B -z -n21 -- /home/mulukou/Projects/bots-web-service/src/bots/webmapepe/index.ts
> git check-ignore -v -z --stdin
> git show --textconv :src/bots/inmet/index.ts
> git ls-files --stage -- /home/mulukou/Projects/bots-web-service/src/bots/inmet/index.ts
> git cat-file -s cc5fc4cf8118292a9f2b1c1539d96c8fd00a128a
> git show --textconv :src/bots/inmet/index.ts
> git status -z -u
> git symbolic-ref --short HEAD
> git rev-parse bot/sindat
> git rev-parse --symbolic-full-name bot/sindat@{u}
fatal: no upstream configured for branch 'bot/sindat'
> git for-each-ref --sort -committerdate --format %(refname) %(objectname)
> git remote --verbose
> git config --get commit.template
> git log --format=%H%n%aN%n%aE%n%at%n%ct%n%P%n%B -z -n21 -- /home/mulukou/Projects/bots-web-service/src/bots/inmet/index.ts
> git show --textconv :src/discord.ts
> git ls-files --stage -- /home/mulukou/Projects/bots-web-service/src/discord.ts
> git cat-file -s 98a4e77fb3d657c3ba5fe7e90f8b9dc583b9d708
> git show --textconv :src/discord.ts
> git status -z -u
> git symbolic-ref --short HEAD
> git rev-parse bot/sindat
> git rev-parse --symbolic-full-name bot/sindat@{u}
fatal: no upstream configured for branch 'bot/sindat'
> git for-each-ref --sort -committerdate --format %(refname) %(objectname)
> git remote --verbose
> git config --get commit.template
> git check-ignore -v -z --stdin
> git status -z -u
> git symbolic-ref --short HEAD
> git rev-parse bot/sindat
> git rev-parse --symbolic-full-name bot/sindat@{u}
fatal: no upstream configured for branch 'bot/sindat'
> git for-each-ref --sort -committerdate --format %(refname) %(objectname)
> git remote --verbose
> git config --get commit.template
> git status -z -u
> git symbolic-ref --short HEAD
> git rev-parse bot/sindat
> git rev-parse --symbolic-full-name bot/sindat@{u}
fatal: no upstream configured for branch 'bot/sindat'
> git for-each-ref --sort -committerdate --format %(refname) %(objectname)
> git remote --verbose
> git config --get commit.template
> git ls-files --stage -- /home/mulukou/Projects/bots-web-service/src/discord.ts
> git cat-file -s 98a4e77fb3d657c3ba5fe7e90f8b9dc583b9d708
> git show --textconv :src/discord.ts
> git status -z -u
> git symbolic-ref --short HEAD
> git rev-parse bot/sindat
> git rev-parse --symbolic-full-name bot/sindat@{u}
fatal: no upstream configured for branch 'bot/sindat'
> git for-each-ref --sort -committerdate --format %(refname) %(objectname)
> git remote --verbose
> git config --get commit.template
> git show --textconv :src/bots/inmet/index.ts
> git ls-files --stage -- /home/mulukou/Projects/bots-web-service/src/bots/inmet/index.ts
> git cat-file -s cc5fc4cf8118292a9f2b1c1539d96c8fd00a128a
> git show --textconv :src/bots/inmet/index.ts
> git show --textconv :src/bots/inmet/inmetsecret.ts
> git ls-files --stage -- /home/mulukou/Projects/bots-web-service/src/bots/inmet/inmetsecret.ts
> git cat-file -s e69de29bb2d1d6434b8b29ae775ad8c2e48c5391
> git show --textconv :src/bots/inmet/inmetsecret.ts
> git show --textconv :src/discord.ts
> git ls-files --stage -- /home/mulukou/Projects/bots-web-service/src/discord.ts
> git cat-file -s 98a4e77fb3d657c3ba5fe7e90f8b9dc583b9d708
> git show --textconv :src/discord.ts
> git status -z -u
> git symbolic-ref --short HEAD
> git show --textconv :src/bots/inmet/index.ts
> git ls-files --stage -- /home/mulukou/Projects/bots-web-service/src/bots/inmet/index.ts
> git rev-parse bot/sindat
> git cat-file -s cc5fc4cf8118292a9f2b1c1539d96c8fd00a128a
> git rev-parse --symbolic-full-name bot/sindat@{u}
fatal: no upstream configured for branch 'bot/sindat'
> git for-each-ref --sort -committerdate --format %(refname) %(objectname)
> git remote --verbose
> git config --get commit.template
> git show --textconv :src/bots/inmet/index.ts
> git status -z -u
> git symbolic-ref --short HEAD
> git rev-parse bot/sindat
> git rev-parse --symbolic-full-name bot/sindat@{u}
fatal: no upstream configured for branch 'bot/sindat'
> git for-each-ref --sort -committerdate --format %(refname) %(objectname)
> git remote --verbose
> git config --get commit.template
> git status -z -u
> git symbolic-ref --short HEAD
> git rev-parse bot/sindat
> git rev-parse --symbolic-full-name bot/sindat@{u}
fatal: no upstream configured for branch 'bot/sindat'
> git for-each-ref --sort -committerdate --format %(refname) %(objectname)
> git remote --verbose
> git config --get commit.template
> git status -z -u
> git symbolic-ref --short HEAD
> git rev-parse bot/sindat
> git rev-parse --symbolic-full-name bot/sindat@{u}
fatal: no upstream configured for branch 'bot/sindat'
> git for-each-ref --sort -committerdate --format %(refname) %(objectname)
> git remote --verbose
> git config --get commit.template
> git ls-files --stage -- /home/mulukou/Projects/bots-web-service/src/bots/inmet/index.ts
> git cat-file -s 973f608590f7e073221a6daf7d9ebfb520153ad7
> git show --textconv :src/bots/inmet/index.ts
> git status -z -u
> git symbolic-ref --short HEAD
> git rev-parse bot/sindat
> git rev-parse --symbolic-full-name bot/sindat@{u}
fatal: no upstream configured for branch 'bot/sindat'
> git for-each-ref --sort -committerdate --format %(refname) %(objectname)
> git remote --verbose
> git config --get commit.template
> git status -z -u
> git symbolic-ref --short HEAD
> git rev-parse bot/sindat
> git rev-parse --symbolic-full-name bot/sindat@{u}
fatal: no upstream configured for branch 'bot/sindat'
> git for-each-ref --sort -committerdate --format %(refname) %(objectname)
> git remote --verbose
> git config --get commit.template
> git ls-files --stage -- /home/mulukou/Projects/bots-web-service/src/bots/inmet/index.ts
> git cat-file -s 973f608590f7e073221a6daf7d9ebfb520153ad7
> git show --textconv :src/bots/inmet/index.ts
> git ls-files --stage -- /home/mulukou/Projects/bots-web-service/src/bots/inmet/index.ts
> git cat-file -s 973f608590f7e073221a6daf7d9ebfb520153ad7
> git show --textconv :src/bots/inmet/index.ts
> git status -z -u
> git symbolic-ref --short HEAD
> git rev-parse bot/sindat
> git rev-parse --symbolic-full-name bot/sindat@{u}
fatal: no upstream configured for branch 'bot/sindat'
> git for-each-ref --sort -committerdate --format %(refname) %(objectname)
> git remote --verbose
> git config --get commit.template
> git status -z -u
> git symbolic-ref --short HEAD
> git rev-parse bot/sindat
> git rev-parse --symbolic-full-name bot/sindat@{u}
fatal: no upstream configured for branch 'bot/sindat'
> git for-each-ref --sort -committerdate --format %(refname) %(objectname)
> git remote --verbose
> git config --get commit.template
> git status -z -u
> git symbolic-ref --short HEAD
> git rev-parse bot/sindat
> git rev-parse --symbolic-full-name bot/sindat@{u}
fatal: no upstream configured for branch 'bot/sindat'
> git for-each-ref --sort -committerdate --format %(refname) %(objectname)
> git remote --verbose
> git config --get commit.template
> git status -z -u
> git symbolic-ref --short HEAD
> git rev-parse bot/sindat
> git rev-parse --symbolic-full-name bot/sindat@{u}
fatal: no upstream configured for branch 'bot/sindat'
> git for-each-ref --sort -committerdate --format %(refname) %(objectname)
> git remote --verbose
> git config --get commit.template
> git ls-files --stage -- /home/mulukou/Projects/bots-web-service/src/bots/inmet/index.ts
> git cat-file -s 973f608590f7e073221a6daf7d9ebfb520153ad7
> git show --textconv :src/bots/inmet/index.ts
> git status -z -u
> git symbolic-ref --short HEAD
> git rev-parse bot/sindat
> git rev-parse --symbolic-full-name bot/sindat@{u}
fatal: no upstream configured for branch 'bot/sindat'
> git for-each-ref --sort -committerdate --format %(refname) %(objectname)
> git remote --verbose
> git config --get commit.template
> git ls-files --stage -- /home/mulukou/Projects/bots-web-service/src/bots/inmet/index.ts
> git show --textconv :src/bots/inmet/index.ts
> git check-ignore -v -z --stdin
> git status -z -u
> git check-ignore -v -z --stdin
> git ls-files --stage -- /home/mulukou/Projects/bots-web-service/src/bots/inmet/index.ts
> git show --textconv :src/bots/inmet/index.ts
> git check-ignore -v -z --stdin
> git ls-files --stage -- /home/mulukou/Projects/bots-web-service/src/bots/inmet/index.ts
> git cat-file -s 86fb8dd6efe6dcebf97b2be484743c05bed955aa
> git show --textconv :src/bots/inmet/index.ts
> git show --textconv :src/bots/sindat/collectPlanned.ts
> git ls-files --stage -- /home/mulukou/Projects/bots-web-service/src/bots/sindat/collectPlanned.ts
> git cat-file -s 2034ed4ba635d7ec4a5d542c0083a03d31f89ec7
> git show --textconv :src/bots/sindat/collectPlanned.ts
> git show --textconv :src/bots/sindat/runYear.ts
> git ls-files --stage -- /home/mulukou/Projects/bots-web-service/src/bots/sindat/runYear.ts
> git cat-file -s 3c5e1758652b0400e55c438271a7a3c56e6a1a61
> git show --textconv :src/bots/sindat/runYear.ts
> git ls-files --stage -- /home/mulukou/Projects/bots-web-service/src/bots/sindat/runYear.ts
> git cat-file -s fb6131f2d902684a119517ebb10cc9624567bed7
> git show --textconv :src/bots/sindat/runYear.ts
> git show --textconv :src/discord.ts
> git ls-files --stage -- /home/mulukou/Projects/bots-web-service/src/discord.ts
> git cat-file -s a4a541c5041a03a6800f3edfca7410ff5ace4b61
> git show --textconv :src/discord.ts
> git show --textconv :src/bots/sindat/runYear.ts
> git ls-files --stage -- /home/mulukou/Projects/bots-web-service/src/bots/sindat/runYear.ts
> git cat-file -s fb6131f2d902684a119517ebb10cc9624567bed7
> git show --textconv :src/bots/sindat/runYear.ts
> git show --textconv :src/bots/sindat/collectPlanned.ts
> git ls-files --stage -- /home/mulukou/Projects/bots-web-service/src/bots/sindat/collectPlanned.ts
> git cat-file -s f6b40f3fc2d558ad8600eefe7d44b25f3bfdc4dd
> git show --textconv :src/bots/sindat/collectPlanned.ts
> git show --textconv :src/bots/inmet/index.ts
> git ls-files --stage -- /home/mulukou/Projects/bots-web-service/src/bots/inmet/index.ts
> git cat-file -s 973f608590f7e073221a6daf7d9ebfb520153ad7
> git show --textconv :src/bots/inmet/index.ts
> git show --textconv :src/bots/sindat/index.ts
> git ls-files --stage -- /home/mulukou/Projects/bots-web-service/src/bots/sindat/index.ts
> git cat-file -s 015a6fe6be8b0cb0df624aef533ce6c62108bd92
> git show --textconv :src/bots/sindat/index.ts
> git show --textconv :src/bots/sindat/collectPlanned.ts
> git ls-files --stage -- /home/mulukou/Projects/bots-web-service/src/bots/sindat/collectPlanned.ts
> git cat-file -s f6b40f3fc2d558ad8600eefe7d44b25f3bfdc4dd
> git show --textconv :src/bots/sindat/collectPlanned.ts
> git show --textconv :src/bots/sindat/runYear.ts
> git ls-files --stage -- /home/mulukou/Projects/bots-web-service/src/bots/sindat/runYear.ts
> git cat-file -s fb6131f2d902684a119517ebb10cc9624567bed7
> git show --textconv :src/bots/sindat/runYear.ts
> git show --textconv :src/bots/sindat/login.ts
> git ls-files --stage -- /home/mulukou/Projects/bots-web-service/src/bots/sindat/login.ts
> git cat-file -s 840dfb45d41ce9209f6789a664946dd2d71c198e
> git show --textconv :src/bots/sindat/login.ts
> git show --textconv :src/bots/sindat/logger.ts
> git ls-files --stage -- /home/mulukou/Projects/bots-web-service/src/bots/sindat/logger.ts
> git cat-file -s 8ea1efc84afd19da1e82e20a446ee66e4669397c
> git show --textconv :src/bots/sindat/index.ts
> git ls-files --stage -- /home/mulukou/Projects/bots-web-service/src/bots/sindat/index.ts
> git cat-file -s 015a6fe6be8b0cb0df624aef533ce6c62108bd92
> git show --textconv :src/bots/sindat/index.ts
> git show --textconv :src/bots/sindat/collectPlanned.ts
> git ls-files --stage -- /home/mulukou/Projects/bots-web-service/src/bots/sindat/collectPlanned.ts
> git cat-file -s f6b40f3fc2d558ad8600eefe7d44b25f3bfdc4dd
> git show --textconv :src/bots/sindat/collectPlanned.ts
> git show --textconv :src/bots/sindat/collectEquipments.ts
> git ls-files --stage -- /home/mulukou/Projects/bots-web-service/src/bots/sindat/collectEquipments.ts
> git cat-file -s 00b1192be877ab2ea77e2880eaab37479bec5cf5
> git show --textconv :src/bots/sindat/collectEquipments.ts
> git show --textconv :src/bots/webmapepe/index.ts
> git ls-files --stage -- /home/mulukou/Projects/bots-web-service/src/bots/webmapepe/index.ts
> git cat-file -s 5b473540eafea6c10e26c3477c62fe9da37cbe04
> git show --textconv :src/bots/webmapepe/index.ts
> git ls-files --stage -- /home/mulukou/Projects/bots-web-service/src/bots/webmapepe/index.ts
> git cat-file -s 5b473540eafea6c10e26c3477c62fe9da37cbe04
> git show --textconv :src/bots/webmapepe/index.ts
> git show --textconv :src/bots/webmapepe/logger.ts
> git ls-files --stage -- /home/mulukou/Projects/bots-web-service/src/bots/webmapepe/logger.ts
> git check-ignore -v -z --stdin
> git show --textconv :src/bots/webmapepe/logger.ts
> git ls-files --stage -- src/bots/webmapepe/
> git show --textconv :src/bots/sindat/logger.ts
> git ls-files --stage -- /home/mulukou/Projects/bots-web-service/src/bots/sindat/logger.ts
> git cat-file -s 8ea1efc84afd19da1e82e20a446ee66e4669397c
> git show --textconv :src/bots/sindat/logger.ts
> git show --textconv :src/bots/webmapepe/logger.ts
> git ls-files --stage -- /home/mulukou/Projects/bots-web-service/src/bots/webmapepe/logger.ts
> git show --textconv :src/bots/webmapepe/logger.ts
> git ls-files --stage -- src/bots/webmapepe/
> git show --textconv :src/bots/webmapepe/index.ts
> git ls-files --stage -- /home/mulukou/Projects/bots-web-service/src/bots/webmapepe/index.ts
> git cat-file -s 5b473540eafea6c10e26c3477c62fe9da37cbe04
> git show --textconv :src/bots/webmapepe/index.ts
> git show --textconv :src/bots/sindat/index.ts
> git ls-files --stage -- /home/mulukou/Projects/bots-web-service/src/bots/sindat/index.ts
> git cat-file -s 015a6fe6be8b0cb0df624aef533ce6c62108bd92
> git show --textconv :src/bots/sindat/index.ts
> git show --textconv :src/bots/webmapepe/index.ts
> git ls-files --stage -- /home/mulukou/Projects/bots-web-service/src/bots/webmapepe/index.ts
> git cat-file -s 5b473540eafea6c10e26c3477c62fe9da37cbe04
> git show --textconv :src/bots/webmapepe/index.ts
> git show --textconv :src/bots/sindat/index.ts
> git ls-files --stage -- /home/mulukou/Projects/bots-web-service/src/bots/sindat/index.ts
> git cat-file -s 015a6fe6be8b0cb0df624aef533ce6c62108bd92
> git show --textconv :src/bots/sindat/index.ts
> git show --textconv :src/bots/webmapepe/index.ts
> git ls-files --stage -- /home/mulukou/Projects/bots-web-service/src/bots/webmapepe/index.ts
> git cat-file -s 5b473540eafea6c10e26c3477c62fe9da37cbe04
> git show --textconv :src/bots/webmapepe/index.ts
> git check-ignore -v -z --stdin
> git show --textconv :src/services/ShapefileToGeojsonService.ts
> git ls-files --stage -- /home/mulukou/Projects/bots-web-service/src/services/ShapefileToGeojsonService.ts
> git cat-file -s f147301a07b44be57f6fba50679ec455e5708eeb
> git show --textconv :src/services/ShapefileToGeojsonService.ts
> git show --textconv :src/bots/webmapepe/index.ts
> git ls-files --stage -- /home/mulukou/Projects/bots-web-service/src/bots/webmapepe/index.ts
> git cat-file -s 5b473540eafea6c10e26c3477c62fe9da37cbe04
> git show --textconv :src/bots/webmapepe/index.ts
> git check-ignore -v -z --stdin
> git show --textconv :logs/webmapepe/webmapepe.log
> git ls-files --stage -- /home/mulukou/Projects/bots-web-service/logs/webmapepe/webmapepe.log
> git show --textconv :logs/webmapepe/webmapepe.log
> git ls-files --stage -- logs/webmapepe/
> git show --textconv :src/bots/webmapepe/index.ts
> git ls-files --stage -- /home/mulukou/Projects/bots-web-service/src/bots/webmapepe/index.ts
> git cat-file -s 5b473540eafea6c10e26c3477c62fe9da37cbe04
> git show --textconv :src/bots/webmapepe/index.ts
> git check-ignore -v -z --stdin
> git show --textconv :src/bots/renovigi/index.ts
> git ls-files --stage -- /home/mulukou/Projects/bots-web-service/src/bots/renovigi/index.ts
> git cat-file -s 61c40498e72a15eaf7ff90cff28015dde9135b7f
> git show --textconv :src/bots/renovigi/index.ts
> git show --textconv :src/bots/ons/index.ts
> git ls-files --stage -- /home/mulukou/Projects/bots-web-service/src/bots/ons/index.ts
> git cat-file -s d65e1543f26a271a8d8134caf9d0d17199548131
> git show --textconv :src/bots/ons/index.ts
> git show --textconv :src/bots/ons/total.ts
> git ls-files --stage -- /home/mulukou/Projects/bots-web-service/src/bots/ons/total.ts
> git cat-file -s 72474fd8247de335c09d58307ee9196f4c5d3299
> git show --textconv :src/bots/ons/total.ts
> git show --textconv :src/bots/ons/index.ts
> git ls-files --stage -- /home/mulukou/Projects/bots-web-service/src/bots/ons/index.ts
> git cat-file -s d65e1543f26a271a8d8134caf9d0d17199548131
> git show --textconv :src/bots/ons/index.ts
> git show --textconv :src/bots/ons/total.ts
> git ls-files --stage -- /home/mulukou/Projects/bots-web-service/src/bots/ons/total.ts
> git cat-file -s 72474fd8247de335c09d58307ee9196f4c5d3299
> git show --textconv :src/bots/ons/total.ts
> git show --textconv :src/bots/ons/index.ts
> git ls-files --stage -- /home/mulukou/Projects/bots-web-service/src/bots/ons/index.ts
> git cat-file -s d65e1543f26a271a8d8134caf9d0d17199548131
> git show --textconv :src/bots/ons/index.ts
> git show --textconv :src/bots/ons/total.ts
> git ls-files --stage -- /home/mulukou/Projects/bots-web-service/src/bots/ons/total.ts
> git cat-file -s 72474fd8247de335c09d58307ee9196f4c5d3299
> git show --textconv :src/bots/ons/total.ts
> git show --textconv :src/bots/ons/index.ts
> git ls-files --stage -- /home/mulukou/Projects/bots-web-service/src/bots/ons/index.ts
> git cat-file -s d65e1543f26a271a8d8134caf9d0d17199548131
> git show --textconv :src/bots/ons/index.ts
> git show --textconv :src/bots/webmapepe/index.ts
> git ls-files --stage -- /home/mulukou/Projects/bots-web-service/src/bots/webmapepe/index.ts
> git cat-file -s 5b473540eafea6c10e26c3477c62fe9da37cbe04
> git show --textconv :src/bots/webmapepe/index.ts
