[2020-09-02 17:32:06.284] [renderer1] [error] <semantic> TypeScript Server Error (3.9.7)
Debug Failure. Invalid cast. The supplied value [object Object] did not pass the test 'isParameter'.
Error: Debug Failure. Invalid cast. The supplied value [object Object] did not pass the test 'isParameter'.
    at Object.cast (/opt/visual-studio-code/resources/app/extensions/node_modules/typescript/lib/tsserver.js:1387:25)
    at doChange (/opt/visual-studio-code/resources/app/extensions/node_modules/typescript/lib/tsserver.js:132246:40)
    at /opt/visual-studio-code/resources/app/extensions/node_modules/typescript/lib/tsserver.js:132142:109
    at Function.ChangeTracker.with (/opt/visual-studio-code/resources/app/extensions/node_modules/typescript/lib/tsserver.js:126223:17)
    at Object.getCodeActions (/opt/visual-studio-code/resources/app/extensions/node_modules/typescript/lib/tsserver.js:132142:64)
    at /opt/visual-studio-code/resources/app/extensions/node_modules/typescript/lib/tsserver.js:127394:77
    at Object.flatMap (/opt/visual-studio-code/resources/app/extensions/node_modules/typescript/lib/tsserver.js:465:25)
    at Object.getFixes (/opt/visual-studio-code/resources/app/extensions/node_modules/typescript/lib/tsserver.js:127394:23)
    at /opt/visual-studio-code/resources/app/extensions/node_modules/typescript/lib/tsserver.js:139206:35
    at Object.flatMap (/opt/visual-studio-code/resources/app/extensions/node_modules/typescript/lib/tsserver.js:465:25)
    at Proxy.getCodeFixesAtPosition (/opt/visual-studio-code/resources/app/extensions/node_modules/typescript/lib/tsserver.js:139204:23)
    at IOSession.Session.getCodeFixes (/opt/visual-studio-code/resources/app/extensions/node_modules/typescript/lib/tsserver.js:149305:64)
    at Session.handlers.ts.createMapFromTemplate._a.<computed> (/opt/visual-studio-code/resources/app/extensions/node_modules/typescript/lib/tsserver.js:148042:61)
    at /opt/visual-studio-code/resources/app/extensions/node_modules/typescript/lib/tsserver.js:149555:88
    at IOSession.Session.executeWithRequestId (/opt/visual-studio-code/resources/app/extensions/node_modules/typescript/lib/tsserver.js:149546:28)
    at IOSession.Session.executeCommand (/opt/visual-studio-code/resources/app/extensions/node_modules/typescript/lib/tsserver.js:149555:33)
    at IOSession.Session.onMessage (/opt/visual-studio-code/resources/app/extensions/node_modules/typescript/lib/tsserver.js:149579:35)
    at Interface.<anonymous> (/opt/visual-studio-code/resources/app/extensions/node_modules/typescript/lib/tsserver.js:150895:27)
    at Interface.emit (events.js:203:13)
    at Interface._onLine (readline.js:316:10)
    at Interface._normalWrite (readline.js:461:12)
    at Socket.ondata (readline.js:172:10)
    at Socket.emit (events.js:203:13)
    at addChunk (_stream_readable.js:295:12)
    at readableAddChunk (_stream_readable.js:276:11)
    at Socket.Readable.push (_stream_readable.js:210:10)
    at Pipe.onStreamRead (internal/stream_base_commons.js:166:17): Error: <semantic> TypeScript Server Error (3.9.7)
Debug Failure. Invalid cast. The supplied value [object Object] did not pass the test 'isParameter'.
Error: Debug Failure. Invalid cast. The supplied value [object Object] did not pass the test 'isParameter'.
    at Object.cast (/opt/visual-studio-code/resources/app/extensions/node_modules/typescript/lib/tsserver.js:1387:25)
    at doChange (/opt/visual-studio-code/resources/app/extensions/node_modules/typescript/lib/tsserver.js:132246:40)
    at /opt/visual-studio-code/resources/app/extensions/node_modules/typescript/lib/tsserver.js:132142:109
    at Function.ChangeTracker.with (/opt/visual-studio-code/resources/app/extensions/node_modules/typescript/lib/tsserver.js:126223:17)
    at Object.getCodeActions (/opt/visual-studio-code/resources/app/extensions/node_modules/typescript/lib/tsserver.js:132142:64)
    at /opt/visual-studio-code/resources/app/extensions/node_modules/typescript/lib/tsserver.js:127394:77
    at Object.flatMap (/opt/visual-studio-code/resources/app/extensions/node_modules/typescript/lib/tsserver.js:465:25)
    at Object.getFixes (/opt/visual-studio-code/resources/app/extensions/node_modules/typescript/lib/tsserver.js:127394:23)
    at /opt/visual-studio-code/resources/app/extensions/node_modules/typescript/lib/tsserver.js:139206:35
    at Object.flatMap (/opt/visual-studio-code/resources/app/extensions/node_modules/typescript/lib/tsserver.js:465:25)
    at Proxy.getCodeFixesAtPosition (/opt/visual-studio-code/resources/app/extensions/node_modules/typescript/lib/tsserver.js:139204:23)
    at IOSession.Session.getCodeFixes (/opt/visual-studio-code/resources/app/extensions/node_modules/typescript/lib/tsserver.js:149305:64)
    at Session.handlers.ts.createMapFromTemplate._a.<computed> (/opt/visual-studio-code/resources/app/extensions/node_modules/typescript/lib/tsserver.js:148042:61)
    at /opt/visual-studio-code/resources/app/extensions/node_modules/typescript/lib/tsserver.js:149555:88
    at IOSession.Session.executeWithRequestId (/opt/visual-studio-code/resources/app/extensions/node_modules/typescript/lib/tsserver.js:149546:28)
    at IOSession.Session.executeCommand (/opt/visual-studio-code/resources/app/extensions/node_modules/typescript/lib/tsserver.js:149555:33)
    at IOSession.Session.onMessage (/opt/visual-studio-code/resources/app/extensions/node_modules/typescript/lib/tsserver.js:149579:35)
    at Interface.<anonymous> (/opt/visual-studio-code/resources/app/extensions/node_modules/typescript/lib/tsserver.js:150895:27)
    at Interface.emit (events.js:203:13)
    at Interface._onLine (readline.js:316:10)
    at Interface._normalWrite (readline.js:461:12)
    at Socket.ondata (readline.js:172:10)
    at Socket.emit (events.js:203:13)
    at addChunk (_stream_readable.js:295:12)
    at readableAddChunk (_stream_readable.js:276:11)
    at Socket.Readable.push (_stream_readable.js:210:10)
    at Pipe.onStreamRead (internal/stream_base_commons.js:166:17)
	at Function.create (/opt/visual-studio-code/resources/app/extensions/typescript-language-features/dist/extension.js:1:75328)
	at h.dispatchResponse (/opt/visual-studio-code/resources/app/extensions/typescript-language-features/dist/extension.js:1:69203)
	at h.dispatchMessage (/opt/visual-studio-code/resources/app/extensions/typescript-language-features/dist/extension.js:1:68123)
	at /opt/visual-studio-code/resources/app/extensions/typescript-language-features/dist/extension.js:1:67652
	at l.fire (/opt/visual-studio-code/resources/app/out/vs/workbench/services/extensions/node/extensionHostProcess.js:46:222)
	at g.onLengthData (/opt/visual-studio-code/resources/app/extensions/typescript-language-features/dist/extension.js:45:60018)
	at Socket.<anonymous> (/opt/visual-studio-code/resources/app/extensions/typescript-language-features/dist/extension.js:45:59666)
	at Socket.emit (events.js:203:13)
	at addChunk (_stream_readable.js:295:12)
	at readableAddChunk (_stream_readable.js:276:11)
	at Socket.Readable.push (_stream_readable.js:210:10)
	at Pipe.onStreamRead (internal/stream_base_commons.js:166:17)
